[2014-09-23 14:31:10]	INFO	upload server starting

[2014-09-23 14:37:40]	INFO	new upload client[12] connected.

[2014-09-23 14:37:40]	INFO	[-->12]	0	transmission start

[2014-09-23 14:37:40]	INFO	[-->12]	0	Success, transmission finish. Close connection.

[2014-09-23 14:37:40]	INFO	upload client[12] closed.

[2014-09-23 14:50:17]	INFO	upload server starting

[2014-09-23 14:50:58]	INFO	new upload client[12] connected.

[2014-09-23 14:50:58]	INFO	[-->12]	0	transmission start

[2014-09-23 14:50:58]	INFO	[-->12]	0	Success, transmission finish. Close connection.

[2014-09-23 14:50:58]	INFO	upload client[12] closed.

[2014-09-23 14:55:43]	INFO	new upload client[12] connected.

[2014-09-23 14:55:43]	INFO	[-->12]	0	transmission start

[2014-09-23 14:55:43]	INFO	[-->12]	0	Success, transmission finish. Close connection.

[2014-09-23 14:55:43]	INFO	upload client[12] closed.

[2014-09-23 14:59:36]	INFO	upload server starting

[2014-09-23 15:17:49]	INFO	upload server starting
[2014-09-23 15:18:27]	INFO	new upload client[12] connected.

[2014-09-23 15:18:27]	INFO	[-->12]	0	transmission start
[2014-09-23 15:18:27]	INFO	[-->12]	0	Success, transmission finish. Close connection.
[2014-09-23 15:18:27]	INFO	upload client[12] closed.
[2014-09-23 15:24:33]	INFO	new upload client[12] connected.

[2014-09-23 15:24:33]	INFO	[-->12]	0	transmission start
[2014-09-23 15:24:33]	INFO	[-->12]	0	Success, transmission finish. Close connection.
[2014-09-23 15:24:33]	INFO	upload client[12] closed.
[2014-09-23 15:25:48]	INFO	new upload client[12] connected.

[2014-09-23 15:25:48]	INFO	[-->12]	0	transmission start
[2014-09-23 15:25:48]	INFO	[-->12]	0	Success, transmission finish. Close connection.
[2014-09-23 15:25:48]	INFO	upload client[12] closed.
[2014-09-23 15:26:44]	INFO	new upload client[12] connected.

[2014-09-23 15:26:44]	INFO	[-->12]	0	transmission start
[2014-09-23 15:26:44]	INFO	[-->12]	0	Success, transmission finish. Close connection.
[2014-09-23 15:26:44]	INFO	upload client[12] closed.
[2014-09-23 15:27:34]	INFO	new upload client[12] connected.

[2014-09-23 15:27:34]	INFO	[-->12]	0	transmission start
[2014-09-23 15:27:34]	INFO	[-->12]	0	Success, transmission finish. Close connection.
[2014-09-23 15:27:34]	INFO	upload client[12] closed.
[2014-09-23 15:30:08]	INFO	new upload client[12] connected.

[2014-09-23 15:30:08]	INFO	[-->12]	0	transmission start
[2014-09-23 15:30:08]	INFO	[-->12]	0	Success, transmission finish. Close connection.
[2014-09-23 15:30:08]	INFO	upload client[12] closed.
[2014-09-23 15:32:41]	INFO	new upload client[12] connected.

[2014-09-23 15:32:41]	INFO	[-->12]	0	transmission start
[2014-09-23 15:32:41]	INFO	[-->12]	0	Success, transmission finish. Close connection.
[2014-09-23 15:32:41]	INFO	upload client[12] closed.
[2014-09-23 17:19:38]	INFO	upload server starting
[2014-09-23 17:20:47]	INFO	new upload client[12] connected.

[2014-09-23 17:20:47]	INFO	[-->12]	0	transmission start
[2014-09-23 17:20:47]	INFO	[-->12]	0	Success, transmission finish. Close connection.
[2014-09-23 17:20:47]	INFO	upload client[12] closed.
[2014-09-23 17:21:43]	INFO	new upload client[12] connected.

[2014-09-23 17:21:43]	INFO	[-->12]	0	transmission start
[2014-09-23 17:21:43]	INFO	[-->12]	0	Success, transmission finish. Close connection.
[2014-09-23 17:21:43]	INFO	upload client[12] closed.
[2014-09-23 17:24:23]	INFO	new upload client[12] connected.

[2014-09-23 17:24:23]	INFO	[-->12]	0	transmission start
[2014-09-23 17:24:23]	INFO	[-->12]	0	Success, transmission finish. Close connection.
[2014-09-23 17:24:23]	INFO	upload client[12] closed.
[2014-09-23 17:25:02]	INFO	new upload client[12] connected.

[2014-09-23 17:25:02]	INFO	[-->12]	0	transmission start
[2014-09-23 17:25:02]	INFO	[-->12]	0	Success, transmission finish. Close connection.
[2014-09-23 17:25:02]	INFO	upload client[12] closed.
[2014-09-23 17:25:59]	INFO	new upload client[12] connected.

[2014-09-23 17:25:59]	INFO	[-->12]	0	transmission start
[2014-09-23 17:26:00]	INFO	[-->12]	0	Success, transmission finish. Close connection.
[2014-09-23 17:26:00]	INFO	upload client[12] closed.
[2014-09-23 17:26:43]	INFO	new upload client[12] connected.

[2014-09-23 17:26:43]	INFO	[-->12]	0	transmission start
[2014-09-23 17:26:43]	INFO	[-->12]	0	Success, transmission finish. Close connection.
[2014-09-23 17:26:43]	INFO	upload client[12] closed.
[2014-09-23 17:27:38]	INFO	new upload client[12] connected.

[2014-09-23 17:27:38]	INFO	[-->12]	0	transmission start
[2014-09-23 17:27:38]	INFO	[-->12]	0	Success, transmission finish. Close connection.
[2014-09-23 17:27:38]	INFO	upload client[12] closed.
[2014-09-23 17:36:08]	INFO	new upload client[12] connected.

[2014-09-23 17:36:08]	INFO	[-->12]	0	transmission start
[2014-09-23 17:36:08]	INFO	[-->12]	0	Success, transmission finish. Close connection.
[2014-09-23 17:36:08]	INFO	upload client[12] closed.
[2014-09-23 17:37:06]	INFO	new upload client[12] connected.

[2014-09-23 17:37:06]	INFO	[-->12]	0	transmission start
[2014-09-23 17:37:37]	INFO	upload client[12] closed.
[2014-09-23 17:40:08]	INFO	new upload client[12] connected.

[2014-09-23 17:40:08]	INFO	[-->12]	0	transmission start
[2014-09-23 17:40:38]	INFO	upload client[12] closed.
[2014-09-23 17:41:19]	INFO	new upload client[12] connected.

[2014-09-23 17:41:19]	INFO	[-->12]	0	transmission start
[2014-09-23 17:41:49]	INFO	upload client[12] closed.
[2014-09-23 17:44:43]	INFO	new upload client[12] connected.

[2014-09-23 17:44:43]	INFO	[-->12]	0	transmission start
[2014-09-23 17:45:13]	INFO	upload client[12] closed.
[2014-09-23 17:52:22]	INFO	new upload client[12] connected.

[2014-09-23 17:52:22]	INFO	[-->12]	0	transmission start
[2014-09-23 17:52:22]	INFO	[-->12]	0	Success, transmission finish. Close connection.
[2014-09-23 17:52:22]	INFO	upload client[12] closed.
[2014-09-23 18:06:49]	INFO	new upload client[12] connected.

[2014-09-23 18:06:49]	INFO	[-->12]	0	transmission start
[2014-09-23 18:06:49]	INFO	[-->12]	0	Success, transmission finish. Close connection.
[2014-09-23 18:06:49]	INFO	upload client[12] closed.
[2014-09-23 18:09:19]	INFO	new upload client[12] connected.

[2014-09-23 18:09:19]	INFO	[-->12]	0	transmission start
[2014-09-23 18:09:19]	INFO	[-->12]	0	Success, transmission finish. Close connection.
[2014-09-23 18:09:19]	INFO	upload client[12] closed.
[2014-09-23 18:11:22]	INFO	new upload client[12] connected.

[2014-09-23 18:11:22]	INFO	[-->12]	0	transmission start
[2014-09-23 18:11:22]	INFO	[-->12]	0	Success, transmission finish. Close connection.
[2014-09-23 18:11:22]	INFO	upload client[12] closed.
[2014-09-23 18:12:03]	INFO	new upload client[12] connected.

[2014-09-23 18:12:03]	INFO	[-->12]	0	transmission start
[2014-09-23 18:12:03]	INFO	[-->12]	0	Success, transmission finish. Close connection.
[2014-09-23 18:12:03]	INFO	upload client[12] closed.
[2014-09-23 18:12:27]	INFO	new upload client[12] connected.

[2014-09-23 18:12:27]	INFO	[-->12]	0	transmission start
[2014-09-23 18:12:28]	INFO	[-->12]	0	Success, transmission finish. Close connection.
[2014-09-23 18:12:28]	INFO	upload client[12] closed.
[2014-09-23 18:21:29]	INFO	new upload client[12] connected.

[2014-09-23 18:21:29]	INFO	[-->12]	0	transmission start
[2014-09-23 18:21:30]	INFO	[-->12]	0	Success, transmission finish. Close connection.
[2014-09-23 18:21:30]	INFO	upload client[12] closed.
[2014-09-23 18:26:32]	INFO	new upload client[12] connected.

[2014-09-23 18:26:32]	INFO	[-->12]	0	transmission start
[2014-09-23 18:26:33]	INFO	[-->12]	0	Success, transmission finish. Close connection.
[2014-09-23 18:26:33]	INFO	upload client[12] closed.
[2014-09-23 18:26:55]	INFO	new upload client[12] connected.

[2014-09-23 18:26:55]	INFO	[-->12]	0	transmission start
[2014-09-23 18:26:55]	INFO	[-->12]	0	Success, transmission finish. Close connection.
[2014-09-23 18:26:55]	INFO	upload client[12] closed.
[2014-09-23 18:27:25]	INFO	new upload client[12] connected.

[2014-09-23 18:27:25]	INFO	[-->12]	0	transmission start
[2014-09-23 18:27:25]	INFO	[-->12]	0	Success, transmission finish. Close connection.
[2014-09-23 18:27:25]	INFO	upload client[12] closed.
[2014-09-23 18:27:30]	INFO	new upload client[12] connected.

[2014-09-23 18:27:30]	INFO	[-->12]	0	transmission start
[2014-09-23 18:27:30]	INFO	[-->12]	0	Success, transmission finish. Close connection.
[2014-09-23 18:27:30]	INFO	upload client[12] closed.
[2014-09-23 18:27:32]	INFO	new upload client[12] connected.

[2014-09-23 18:27:32]	INFO	[-->12]	0	transmission start
[2014-09-23 18:27:32]	INFO	[-->12]	0	Success, transmission finish. Close connection.
[2014-09-23 18:27:32]	INFO	upload client[12] closed.
[2014-09-23 18:27:40]	INFO	new upload client[12] connected.

[2014-09-23 18:27:40]	INFO	[-->12]	0	transmission start
[2014-09-23 18:27:40]	INFO	[-->12]	0	Success, transmission finish. Close connection.
[2014-09-23 18:27:40]	INFO	upload client[12] closed.
[2014-09-23 18:28:23]	INFO	new upload client[12] connected.

[2014-09-23 18:28:23]	INFO	[-->12]	0	transmission start
[2014-09-23 18:28:23]	INFO	[-->12]	0	Success, transmission finish. Close connection.
[2014-09-23 18:28:23]	INFO	upload client[12] closed.
[2014-09-23 18:32:42]	INFO	new upload client[12] connected.

[2014-09-23 18:32:42]	INFO	[-->12]	0	transmission start
[2014-09-23 18:32:42]	INFO	[-->12]	0	Success, transmission finish. Close connection.
[2014-09-23 18:32:42]	INFO	upload client[12] closed.
[2014-09-23 18:32:49]	INFO	new upload client[12] connected.

[2014-09-23 18:32:49]	INFO	[-->12]	0	transmission start
[2014-09-23 18:32:49]	INFO	[-->12]	0	Success, transmission finish. Close connection.
[2014-09-23 18:32:49]	INFO	upload client[12] closed.
[2014-09-23 18:34:17]	INFO	new upload client[12] connected.

[2014-09-23 18:34:17]	INFO	[-->12]	0	transmission start
[2014-09-23 18:34:17]	INFO	[-->12]	0	Success, transmission finish. Close connection.
[2014-09-23 18:34:17]	INFO	upload client[12] closed.
[2014-09-23 18:34:40]	INFO	new upload client[12] connected.

[2014-09-23 18:34:40]	INFO	[-->12]	0	transmission start
[2014-09-23 18:34:40]	INFO	[-->12]	0	Success, transmission finish. Close connection.
[2014-09-23 18:34:40]	INFO	upload client[12] closed.
[2014-09-23 18:35:01]	INFO	new upload client[12] connected.

[2014-09-23 18:35:01]	INFO	[-->12]	0	transmission start
[2014-09-23 18:35:01]	INFO	[-->12]	0	Success, transmission finish. Close connection.
[2014-09-23 18:35:01]	INFO	upload client[12] closed.
[2014-09-23 18:35:09]	INFO	new upload client[12] connected.

[2014-09-23 18:35:09]	INFO	[-->12]	0	transmission start
[2014-09-23 18:35:09]	INFO	[-->12]	0	Success, transmission finish. Close connection.
[2014-09-23 18:35:09]	INFO	upload client[12] closed.
[2014-09-23 18:35:52]	INFO	new upload client[12] connected.

[2014-09-23 18:35:52]	INFO	[-->12]	0	transmission start
[2014-09-23 18:35:52]	INFO	[-->12]	0	Success, transmission finish. Close connection.
[2014-09-23 18:35:52]	INFO	upload client[12] closed.
[2014-09-23 18:36:39]	INFO	new upload client[12] connected.

[2014-09-23 18:36:39]	INFO	[-->12]	0	transmission start
[2014-09-23 18:36:39]	INFO	[-->12]	0	Success, transmission finish. Close connection.
[2014-09-23 18:36:39]	INFO	upload client[12] closed.
[2014-09-23 18:36:49]	INFO	new upload client[12] connected.

[2014-09-23 18:36:49]	INFO	[-->12]	0	transmission start
[2014-09-23 18:36:49]	INFO	[-->12]	0	Success, transmission finish. Close connection.
[2014-09-23 18:36:49]	INFO	upload client[12] closed.
[2014-09-23 18:37:55]	INFO	new upload client[12] connected.

[2014-09-23 18:37:55]	INFO	[-->12]	0	transmission start
[2014-09-23 18:37:55]	INFO	[-->12]	0	Success, transmission finish. Close connection.
[2014-09-23 18:37:55]	INFO	upload client[12] closed.
[2014-09-23 18:40:35]	INFO	new upload client[12] connected.

[2014-09-23 18:40:35]	INFO	[-->12]	0	transmission start
[2014-09-23 18:40:35]	INFO	[-->12]	0	Success, transmission finish. Close connection.
[2014-09-23 18:40:35]	INFO	upload client[12] closed.
[2014-09-23 18:40:54]	INFO	new upload client[12] connected.

[2014-09-23 18:40:54]	INFO	[-->12]	0	transmission start
[2014-09-23 18:40:54]	INFO	[-->12]	0	Success, transmission finish. Close connection.
[2014-09-23 18:40:54]	INFO	upload client[12] closed.
[2014-09-23 18:41:55]	INFO	new upload client[12] connected.

[2014-09-23 18:41:55]	INFO	[-->12]	0	transmission start
[2014-09-23 18:41:55]	INFO	[-->12]	0	Success, transmission finish. Close connection.
[2014-09-23 18:41:55]	INFO	upload client[12] closed.
[2014-09-23 18:43:38]	INFO	new upload client[12] connected.

[2014-09-23 18:43:38]	INFO	[-->12]	0	transmission start
[2014-09-23 18:43:38]	INFO	[-->12]	0	Success, transmission finish. Close connection.
[2014-09-23 18:43:38]	INFO	upload client[12] closed.
[2014-09-23 18:44:29]	INFO	new upload client[12] connected.

[2014-09-23 18:44:29]	INFO	[-->12]	0	transmission start
[2014-09-23 18:44:29]	INFO	[-->12]	0	Success, transmission finish. Close connection.
[2014-09-23 18:44:29]	INFO	upload client[12] closed.
[2014-09-23 18:46:05]	INFO	new upload client[12] connected.

[2014-09-23 18:46:05]	INFO	[-->12]	0	transmission start
[2014-09-23 18:46:05]	INFO	[-->12]	0	Success, transmission finish. Close connection.
[2014-09-23 18:46:05]	INFO	upload client[12] closed.
[2014-09-23 18:46:52]	INFO	new upload client[12] connected.

[2014-09-23 18:46:52]	INFO	[-->12]	0	transmission start
[2014-09-23 18:46:52]	INFO	[-->12]	0	Success, transmission finish. Close connection.
[2014-09-23 18:46:52]	INFO	upload client[12] closed.
[2014-09-23 18:47:59]	INFO	new upload client[12] connected.

[2014-09-23 18:47:59]	INFO	[-->12]	0	transmission start
[2014-09-23 18:47:59]	INFO	[-->12]	0	Success, transmission finish. Close connection.
[2014-09-23 18:47:59]	INFO	upload client[12] closed.
[2014-09-23 18:48:55]	INFO	new upload client[12] connected.

[2014-09-23 18:48:55]	INFO	[-->12]	0	transmission start
[2014-09-23 18:48:55]	INFO	[-->12]	0	Success, transmission finish. Close connection.
[2014-09-23 18:48:55]	INFO	upload client[12] closed.
[2014-09-23 18:49:32]	INFO	new upload client[12] connected.

[2014-09-23 18:49:32]	INFO	[-->12]	0	transmission start
[2014-09-23 18:49:32]	INFO	[-->12]	0	Success, transmission finish. Close connection.
[2014-09-23 18:49:32]	INFO	upload client[12] closed.
[2014-09-23 18:50:03]	INFO	new upload client[12] connected.

[2014-09-23 18:50:03]	INFO	[-->12]	0	transmission start
[2014-09-23 18:50:03]	INFO	[-->12]	0	Success, transmission finish. Close connection.
[2014-09-23 18:50:03]	INFO	upload client[12] closed.
[2014-09-23 18:51:16]	INFO	new upload client[12] connected.

[2014-09-23 18:51:16]	INFO	[-->12]	0	transmission start
[2014-09-23 18:51:16]	INFO	[-->12]	0	Success, transmission finish. Close connection.
[2014-09-23 18:51:16]	INFO	upload client[12] closed.
[2014-09-23 18:52:02]	INFO	new upload client[12] connected.

[2014-09-23 18:52:02]	INFO	[-->12]	0	transmission start
[2014-09-23 18:52:02]	INFO	[-->12]	0	Success, transmission finish. Close connection.
[2014-09-23 18:52:02]	INFO	upload client[12] closed.
[2014-09-23 18:52:14]	INFO	new upload client[12] connected.

[2014-09-23 18:52:14]	INFO	[-->12]	0	transmission start
[2014-09-23 18:52:14]	INFO	[-->12]	0	Success, transmission finish. Close connection.
[2014-09-23 18:52:14]	INFO	upload client[12] closed.
[2014-09-23 18:52:22]	INFO	new upload client[12] connected.

[2014-09-23 18:52:22]	INFO	[-->12]	0	transmission start
[2014-09-23 18:52:22]	INFO	[-->12]	0	Success, transmission finish. Close connection.
[2014-09-23 18:52:22]	INFO	upload client[12] closed.
[2014-09-23 18:56:50]	INFO	new upload client[12] connected.

[2014-09-23 18:56:50]	INFO	[-->12]	0	transmission start
[2014-09-23 18:56:50]	INFO	[-->12]	0	Success, transmission finish. Close connection.
[2014-09-23 18:56:50]	INFO	upload client[12] closed.
[2014-09-23 18:57:26]	INFO	new upload client[12] connected.

[2014-09-23 18:57:26]	INFO	[-->12]	0	transmission start
[2014-09-23 18:57:26]	INFO	[-->12]	0	Success, transmission finish. Close connection.
[2014-09-23 18:57:26]	INFO	upload client[12] closed.
[2014-09-23 19:14:38]	INFO	new upload client[12] connected.

[2014-09-23 19:14:38]	INFO	[-->12]	0	transmission start
[2014-09-23 19:14:38]	INFO	[-->12]	0	Success, transmission finish. Close connection.
[2014-09-23 19:14:38]	INFO	upload client[12] closed.
[2014-09-23 19:20:32]	INFO	new upload client[12] connected.

[2014-09-23 19:20:32]	INFO	[-->12]	0	transmission start
[2014-09-23 19:20:32]	INFO	[-->12]	0	Success, transmission finish. Close connection.
[2014-09-23 19:20:32]	INFO	upload client[12] closed.
[2014-09-23 19:21:53]	INFO	new upload client[12] connected.

[2014-09-23 19:21:53]	INFO	[-->12]	0	transmission start
[2014-09-23 19:21:53]	INFO	[-->12]	0	Success, transmission finish. Close connection.
[2014-09-23 19:21:53]	INFO	upload client[12] closed.
[2014-09-23 19:22:49]	INFO	new upload client[12] connected.

[2014-09-23 19:22:49]	INFO	[-->12]	0	transmission start
[2014-09-23 19:22:49]	INFO	[-->12]	0	Success, transmission finish. Close connection.
[2014-09-23 19:22:49]	INFO	upload client[12] closed.
[2014-09-23 19:24:36]	INFO	new upload client[12] connected.

[2014-09-23 19:24:36]	INFO	[-->12]	0	transmission start
[2014-09-23 19:24:36]	INFO	[-->12]	0	Success, transmission finish. Close connection.
[2014-09-23 19:24:36]	INFO	upload client[12] closed.
[2014-09-23 19:58:07]	INFO	new upload client[12] connected.

[2014-09-23 19:58:07]	INFO	[-->12]	0	transmission start
[2014-09-23 19:58:07]	INFO	[-->12]	0	Success, transmission finish. Close connection.
[2014-09-23 19:58:07]	INFO	upload client[12] closed.
[2014-09-23 20:01:16]	INFO	new upload client[12] connected.

[2014-09-23 20:01:16]	INFO	[-->12]	0	transmission start
[2014-09-23 20:01:16]	INFO	[-->12]	0	Success, transmission finish. Close connection.
[2014-09-23 20:01:16]	INFO	upload client[12] closed.
[2014-09-23 20:04:03]	INFO	new upload client[12] connected.

[2014-09-23 20:04:03]	INFO	[-->12]	0	transmission start
[2014-09-23 20:04:03]	INFO	[-->12]	0	Success, transmission finish. Close connection.
[2014-09-23 20:04:03]	INFO	upload client[12] closed.
[2014-09-23 20:06:55]	INFO	new upload client[12] connected.

[2014-09-23 20:06:55]	INFO	[-->12]	0	transmission start
[2014-09-23 20:06:55]	INFO	[-->12]	0	Success, transmission finish. Close connection.
[2014-09-23 20:06:55]	INFO	upload client[12] closed.
[2014-09-23 20:08:28]	INFO	new upload client[12] connected.

[2014-09-23 20:08:28]	INFO	[-->12]	0	transmission start
[2014-09-23 20:08:28]	INFO	[-->12]	0	Success, transmission finish. Close connection.
[2014-09-23 20:08:28]	INFO	upload client[12] closed.
[2014-09-23 20:50:17]	INFO	new upload client[12] connected.

[2014-09-23 20:50:17]	INFO	[-->12]	0	transmission start
[2014-09-23 20:50:17]	INFO	[-->12]	0	Success, transmission finish. Close connection.
[2014-09-23 20:50:17]	INFO	upload client[12] closed.
[2014-09-23 20:50:55]	INFO	new upload client[12] connected.

[2014-09-23 20:50:55]	INFO	[-->12]	0	transmission start
[2014-09-23 20:50:55]	INFO	[-->12]	0	Success, transmission finish. Close connection.
[2014-09-23 20:50:55]	INFO	upload client[12] closed.
[2014-09-23 20:52:01]	INFO	new upload client[12] connected.

[2014-09-23 20:52:01]	INFO	[-->12]	0	transmission start
[2014-09-23 20:52:01]	INFO	[-->12]	0	Success, transmission finish. Close connection.
[2014-09-23 20:52:01]	INFO	upload client[12] closed.
[2014-09-23 20:52:18]	INFO	new upload client[12] connected.

[2014-09-23 20:52:18]	INFO	[-->12]	0	transmission start
[2014-09-23 20:52:18]	INFO	[-->12]	0	Success, transmission finish. Close connection.
[2014-09-23 20:52:18]	INFO	upload client[12] closed.
[2014-09-23 20:53:58]	INFO	new upload client[12] connected.

[2014-09-23 20:53:58]	INFO	[-->12]	0	transmission start
[2014-09-23 20:53:58]	INFO	[-->12]	0	Success, transmission finish. Close connection.
[2014-09-23 20:53:58]	INFO	upload client[12] closed.
[2014-09-23 20:54:20]	INFO	new upload client[12] connected.

[2014-09-23 20:54:20]	INFO	[-->12]	0	transmission start
[2014-09-23 20:54:20]	INFO	[-->12]	0	Success, transmission finish. Close connection.
[2014-09-23 20:54:20]	INFO	upload client[12] closed.
[2014-09-23 20:56:16]	INFO	new upload client[12] connected.

[2014-09-23 20:56:16]	INFO	[-->12]	0	transmission start
[2014-09-23 20:56:16]	INFO	[-->12]	0	Success, transmission finish. Close connection.
[2014-09-23 20:56:16]	INFO	upload client[12] closed.
[2014-09-23 20:57:28]	INFO	new upload client[12] connected.

[2014-09-23 20:57:28]	INFO	[-->12]	0	transmission start
[2014-09-23 20:57:28]	INFO	[-->12]	0	Success, transmission finish. Close connection.
[2014-09-23 20:57:28]	INFO	upload client[12] closed.
[2014-09-23 20:58:34]	INFO	new upload client[12] connected.

[2014-09-23 20:58:34]	INFO	[-->12]	0	transmission start
[2014-09-23 20:58:34]	INFO	[-->12]	0	Success, transmission finish. Close connection.
[2014-09-23 20:58:34]	INFO	upload client[12] closed.
[2014-09-23 20:59:12]	INFO	new upload client[12] connected.

[2014-09-23 20:59:12]	INFO	[-->12]	0	transmission start
[2014-09-23 20:59:12]	INFO	[-->12]	0	Success, transmission finish. Close connection.
[2014-09-23 20:59:12]	INFO	upload client[12] closed.
[2014-09-23 20:59:31]	INFO	new upload client[12] connected.

[2014-09-23 20:59:31]	INFO	[-->12]	0	transmission start
[2014-09-23 20:59:31]	INFO	[-->12]	0	Success, transmission finish. Close connection.
[2014-09-23 20:59:31]	INFO	upload client[12] closed.
[2014-09-23 21:00:53]	INFO	new upload client[12] connected.

[2014-09-23 21:00:53]	INFO	[-->12]	0	transmission start
[2014-09-23 21:00:53]	INFO	[-->12]	0	Success, transmission finish. Close connection.
[2014-09-23 21:00:53]	INFO	upload client[12] closed.
[2014-09-23 21:02:01]	INFO	new upload client[12] connected.

[2014-09-23 21:02:01]	INFO	[-->12]	0	transmission start
[2014-09-23 21:02:01]	INFO	[-->12]	0	Success, transmission finish. Close connection.
[2014-09-23 21:02:01]	INFO	upload client[12] closed.
[2014-09-23 21:02:16]	INFO	new upload client[12] connected.

[2014-09-23 21:02:16]	INFO	[-->12]	0	transmission start
[2014-09-23 21:02:16]	INFO	[-->12]	0	Success, transmission finish. Close connection.
[2014-09-23 21:02:16]	INFO	upload client[12] closed.
[2014-09-23 21:02:42]	INFO	new upload client[12] connected.

[2014-09-23 21:02:42]	INFO	[-->12]	0	transmission start
[2014-09-23 21:02:42]	INFO	[-->12]	0	Success, transmission finish. Close connection.
[2014-09-23 21:02:42]	INFO	upload client[12] closed.
[2014-09-23 21:03:03]	INFO	new upload client[12] connected.

[2014-09-23 21:03:03]	INFO	[-->12]	0	transmission start
[2014-09-23 21:03:03]	INFO	[-->12]	0	Success, transmission finish. Close connection.
[2014-09-23 21:03:03]	INFO	upload client[12] closed.
[2014-09-23 21:04:27]	INFO	new upload client[12] connected.

[2014-09-23 21:04:27]	INFO	[-->12]	0	transmission start
[2014-09-23 21:04:27]	INFO	[-->12]	0	Success, transmission finish. Close connection.
[2014-09-23 21:04:27]	INFO	upload client[12] closed.
[2014-09-23 21:05:36]	INFO	new upload client[12] connected.

[2014-09-23 21:05:36]	INFO	[-->12]	0	transmission start
[2014-09-23 21:05:36]	INFO	[-->12]	0	Success, transmission finish. Close connection.
[2014-09-23 21:05:36]	INFO	upload client[12] closed.
[2014-09-23 21:07:12]	INFO	new upload client[12] connected.

[2014-09-23 21:07:12]	INFO	[-->12]	0	transmission start
[2014-09-23 21:07:12]	INFO	[-->12]	0	Success, transmission finish. Close connection.
[2014-09-23 21:07:12]	INFO	upload client[12] closed.
[2014-09-23 21:08:58]	INFO	new upload client[12] connected.

[2014-09-23 21:08:58]	INFO	[-->12]	0	transmission start
[2014-09-23 21:08:58]	INFO	[-->12]	0	Success, transmission finish. Close connection.
[2014-09-23 21:08:58]	INFO	upload client[12] closed.
[2014-09-23 21:11:31]	INFO	new upload client[12] connected.

[2014-09-23 21:11:31]	INFO	[-->12]	0	transmission start
[2014-09-23 21:11:31]	INFO	[-->12]	0	Success, transmission finish. Close connection.
[2014-09-23 21:11:31]	INFO	upload client[12] closed.
[2014-09-23 21:13:34]	INFO	new upload client[12] connected.

[2014-09-23 21:13:34]	INFO	[-->12]	0	transmission start
[2014-09-23 21:13:34]	INFO	[-->12]	0	Success, transmission finish. Close connection.
[2014-09-23 21:13:34]	INFO	upload client[12] closed.
[2014-09-23 21:16:04]	INFO	new upload client[12] connected.

[2014-09-23 21:16:04]	INFO	[-->12]	0	transmission start
[2014-09-23 21:16:04]	INFO	[-->12]	0	Success, transmission finish. Close connection.
[2014-09-23 21:16:04]	INFO	upload client[12] closed.
[2014-09-23 21:31:49]	INFO	new upload client[12] connected.

[2014-09-23 21:31:49]	INFO	[-->12]	0	transmission start
[2014-09-23 21:31:49]	INFO	[-->12]	0	Success, transmission finish. Close connection.
[2014-09-23 21:31:49]	INFO	upload client[12] closed.
[2014-09-23 21:32:30]	INFO	new upload client[12] connected.

[2014-09-23 21:32:30]	INFO	[-->12]	0	transmission start
[2014-09-23 21:32:30]	INFO	[-->12]	0	Success, transmission finish. Close connection.
[2014-09-23 21:32:30]	INFO	upload client[12] closed.
[2014-09-23 21:33:58]	INFO	new upload client[12] connected.

[2014-09-23 21:33:58]	INFO	[-->12]	0	transmission start
[2014-09-23 21:33:58]	INFO	[-->12]	0	Success, transmission finish. Close connection.
[2014-09-23 21:33:58]	INFO	upload client[12] closed.
[2014-09-23 21:35:19]	INFO	new upload client[12] connected.

[2014-09-23 21:35:19]	INFO	[-->12]	0	transmission start
[2014-09-23 21:35:19]	INFO	[-->12]	0	Success, transmission finish. Close connection.
[2014-09-23 21:35:19]	INFO	upload client[12] closed.
[2014-09-23 21:35:37]	INFO	new upload client[12] connected.

[2014-09-23 21:35:37]	INFO	[-->12]	0	transmission start
[2014-09-23 21:35:37]	INFO	[-->12]	0	Success, transmission finish. Close connection.
[2014-09-23 21:35:37]	INFO	upload client[12] closed.
[2014-09-23 21:37:25]	INFO	new upload client[12] connected.

[2014-09-23 21:37:25]	INFO	[-->12]	0	transmission start
[2014-09-23 21:37:25]	INFO	[-->12]	0	Success, transmission finish. Close connection.
[2014-09-23 21:37:25]	INFO	upload client[12] closed.
[2014-09-23 21:37:41]	INFO	new upload client[12] connected.

[2014-09-23 21:37:41]	INFO	[-->12]	0	transmission start
[2014-09-23 21:37:41]	INFO	[-->12]	0	Success, transmission finish. Close connection.
[2014-09-23 21:37:41]	INFO	upload client[12] closed.
[2014-09-23 21:38:46]	INFO	new upload client[12] connected.

[2014-09-23 21:38:46]	INFO	[-->12]	0	transmission start
[2014-09-23 21:38:46]	INFO	[-->12]	0	Success, transmission finish. Close connection.
[2014-09-23 21:38:46]	INFO	upload client[12] closed.
[2014-09-23 21:46:37]	INFO	new upload client[12] connected.

[2014-09-23 21:46:37]	INFO	[-->12]	0	transmission start
[2014-09-23 21:46:37]	INFO	[-->12]	0	Success, transmission finish. Close connection.
[2014-09-23 21:46:37]	INFO	upload client[12] closed.
[2014-09-23 21:47:48]	INFO	new upload client[12] connected.

[2014-09-23 21:47:48]	INFO	[-->12]	0	transmission start
[2014-09-23 21:47:48]	INFO	[-->12]	0	Success, transmission finish. Close connection.
[2014-09-23 21:47:48]	INFO	upload client[12] closed.
[2014-09-23 21:48:51]	INFO	new upload client[12] connected.

[2014-09-23 21:48:51]	INFO	[-->12]	0	transmission start
[2014-09-23 21:48:51]	INFO	[-->12]	0	Success, transmission finish. Close connection.
[2014-09-23 21:48:51]	INFO	upload client[12] closed.
[2014-09-23 21:50:38]	INFO	new upload client[12] connected.

[2014-09-23 21:50:38]	INFO	[-->12]	0	transmission start
[2014-09-23 21:50:38]	INFO	[-->12]	0	Success, transmission finish. Close connection.
[2014-09-23 21:50:38]	INFO	upload client[12] closed.
[2014-09-23 21:57:22]	INFO	new upload client[12] connected.

[2014-09-23 21:57:22]	INFO	[-->12]	0	transmission start
[2014-09-23 21:57:22]	INFO	[-->12]	0	Success, transmission finish. Close connection.
[2014-09-23 21:57:22]	INFO	upload client[12] closed.
[2014-09-23 21:59:14]	INFO	new upload client[12] connected.

[2014-09-23 21:59:14]	INFO	[-->12]	0	transmission start
[2014-09-23 21:59:14]	INFO	[-->12]	0	Success, transmission finish. Close connection.
[2014-09-23 21:59:14]	INFO	upload client[12] closed.
[2014-09-23 21:59:34]	INFO	new upload client[12] connected.

[2014-09-23 21:59:34]	INFO	[-->12]	0	transmission start
[2014-09-23 21:59:34]	INFO	[-->12]	0	Success, transmission finish. Close connection.
[2014-09-23 21:59:34]	INFO	upload client[12] closed.
[2014-09-23 22:05:32]	INFO	new upload client[12] connected.

[2014-09-23 22:05:32]	INFO	[-->12]	0	transmission start
[2014-09-23 22:05:32]	INFO	[-->12]	0	Success, transmission finish. Close connection.
[2014-09-23 22:05:32]	INFO	upload client[12] closed.
[2014-09-23 22:15:03]	INFO	new upload client[12] connected.

[2014-09-23 22:15:03]	INFO	[-->12]	0	transmission start
[2014-09-23 22:15:03]	INFO	[-->12]	0	Success, transmission finish. Close connection.
[2014-09-23 22:15:03]	INFO	upload client[12] closed.
[2014-09-23 22:16:45]	INFO	new upload client[12] connected.

[2014-09-23 22:16:45]	INFO	[-->12]	0	transmission start
[2014-09-23 22:16:45]	INFO	[-->12]	0	Success, transmission finish. Close connection.
[2014-09-23 22:16:45]	INFO	upload client[12] closed.
[2014-09-23 22:17:16]	INFO	new upload client[12] connected.

[2014-09-23 22:17:16]	INFO	[-->12]	0	transmission start
[2014-09-23 22:17:16]	INFO	[-->12]	0	Success, transmission finish. Close connection.
[2014-09-23 22:17:16]	INFO	upload client[12] closed.
[2014-09-23 22:18:11]	INFO	new upload client[12] connected.

[2014-09-23 22:18:11]	INFO	[-->12]	0	transmission start
[2014-09-23 22:18:11]	INFO	[-->12]	0	Success, transmission finish. Close connection.
[2014-09-23 22:18:11]	INFO	upload client[12] closed.
[2014-09-24 11:45:25]	INFO	new upload client[12] connected.

[2014-09-24 11:45:25]	INFO	[-->12]	0	transmission start
[2014-09-24 11:45:25]	INFO	[-->12]	0	Success, transmission finish. Close connection.
[2014-09-24 11:45:25]	INFO	upload client[12] closed.
[2014-09-24 11:53:36]	INFO	new upload client[12] connected.

[2014-09-24 11:53:36]	INFO	[-->12]	0	transmission start
[2014-09-24 11:53:36]	INFO	[-->12]	0	Success, transmission finish. Close connection.
[2014-09-24 11:53:36]	INFO	upload client[12] closed.
[2014-09-24 14:58:03]	INFO	new upload client[12] connected.

[2014-09-24 14:58:03]	INFO	[-->12]	0	transmission start
[2014-09-24 14:58:03]	INFO	[-->12]	0	Success, transmission finish. Close connection.
[2014-09-24 14:58:03]	INFO	upload client[12] closed.
[2014-09-24 15:00:39]	INFO	new upload client[12] connected.

[2014-09-24 15:00:39]	INFO	[-->12]	0	transmission start
[2014-09-24 15:00:39]	INFO	[-->12]	0	Success, transmission finish. Close connection.
[2014-09-24 15:00:39]	INFO	upload client[12] closed.
[2014-09-24 15:03:06]	INFO	new upload client[12] connected.

[2014-09-24 15:03:06]	INFO	[-->12]	0	transmission start
[2014-09-24 15:03:06]	INFO	[-->12]	0	Success, transmission finish. Close connection.
[2014-09-24 15:03:06]	INFO	upload client[12] closed.
[2014-09-24 16:31:06]	INFO	new upload client[12] connected.

[2014-09-24 16:31:06]	INFO	[-->12]	0	transmission start
[2014-09-24 16:31:06]	INFO	[-->12]	0	Success, transmission finish. Close connection.
[2014-09-24 16:31:06]	INFO	upload client[12] closed.
[2014-09-24 16:32:26]	INFO	new upload client[12] connected.

[2014-09-24 16:32:26]	INFO	[-->12]	0	transmission start
[2014-09-24 16:32:26]	INFO	[-->12]	0	Success, transmission finish. Close connection.
[2014-09-24 16:32:27]	INFO	upload client[12] closed.
[2014-09-24 16:34:04]	INFO	new upload client[12] connected.

[2014-09-24 16:34:04]	INFO	[-->12]	0	transmission start
[2014-09-24 16:34:04]	INFO	[-->12]	0	Success, transmission finish. Close connection.
[2014-09-24 16:34:04]	INFO	upload client[12] closed.
[2014-09-24 16:34:54]	INFO	new upload client[12] connected.

[2014-09-24 16:34:54]	INFO	[-->12]	0	transmission start
[2014-09-24 16:34:54]	INFO	[-->12]	0	Success, transmission finish. Close connection.
[2014-09-24 16:34:54]	INFO	upload client[12] closed.
[2014-09-24 16:35:08]	INFO	new upload client[12] connected.

[2014-09-24 16:35:08]	INFO	[-->12]	0	transmission start
[2014-09-24 16:35:08]	INFO	[-->12]	0	Success, transmission finish. Close connection.
[2014-09-24 16:35:08]	INFO	upload client[12] closed.
[2014-09-24 16:35:28]	INFO	new upload client[12] connected.

[2014-09-24 16:35:28]	INFO	[-->12]	0	transmission start
[2014-09-24 16:35:28]	INFO	[-->12]	0	Success, transmission finish. Close connection.
[2014-09-24 16:35:28]	INFO	upload client[12] closed.
[2014-09-24 16:36:16]	INFO	new upload client[12] connected.

[2014-09-24 16:36:16]	INFO	[-->12]	0	transmission start
[2014-09-24 16:36:16]	INFO	[-->12]	0	Success, transmission finish. Close connection.
[2014-09-24 16:36:16]	INFO	upload client[12] closed.
[2014-09-24 16:37:33]	INFO	new upload client[12] connected.

[2014-09-24 16:37:33]	INFO	[-->12]	0	transmission start
[2014-09-24 16:37:33]	INFO	[-->12]	0	Success, transmission finish. Close connection.
[2014-09-24 16:37:33]	INFO	upload client[12] closed.
[2014-09-24 16:37:56]	INFO	new upload client[12] connected.

[2014-09-24 16:37:56]	INFO	[-->12]	0	transmission start
[2014-09-24 16:37:56]	INFO	[-->12]	0	Success, transmission finish. Close connection.
[2014-09-24 16:37:56]	INFO	upload client[12] closed.
[2014-09-24 16:38:33]	INFO	new upload client[12] connected.

[2014-09-24 16:38:33]	INFO	[-->12]	0	transmission start
[2014-09-24 16:38:33]	INFO	[-->12]	0	Success, transmission finish. Close connection.
[2014-09-24 16:38:33]	INFO	upload client[12] closed.
[2014-09-24 16:38:47]	INFO	new upload client[12] connected.

[2014-09-24 16:38:47]	INFO	[-->12]	0	transmission start
[2014-09-24 16:38:47]	INFO	[-->12]	0	Success, transmission finish. Close connection.
[2014-09-24 16:38:47]	INFO	upload client[12] closed.
[2014-09-24 16:39:43]	INFO	new upload client[12] connected.

[2014-09-24 16:39:43]	INFO	[-->12]	0	transmission start
[2014-09-24 16:39:43]	INFO	[-->12]	0	Success, transmission finish. Close connection.
[2014-09-24 16:39:43]	INFO	upload client[12] closed.
[2014-09-24 16:42:02]	INFO	new upload client[12] connected.

[2014-09-24 16:42:02]	INFO	[-->12]	0	transmission start
[2014-09-24 16:42:02]	INFO	[-->12]	0	Success, transmission finish. Close connection.
[2014-09-24 16:42:02]	INFO	upload client[12] closed.
[2014-09-24 16:42:55]	INFO	new upload client[12] connected.

[2014-09-24 16:42:55]	INFO	[-->12]	0	transmission start
[2014-09-24 16:42:55]	INFO	[-->12]	0	Success, transmission finish. Close connection.
[2014-09-24 16:42:55]	INFO	upload client[12] closed.
[2014-09-24 16:43:34]	INFO	new upload client[12] connected.

[2014-09-24 16:43:34]	INFO	[-->12]	0	transmission start
[2014-09-24 16:43:34]	INFO	[-->12]	0	Success, transmission finish. Close connection.
[2014-09-24 16:43:34]	INFO	upload client[12] closed.
[2014-09-24 16:43:54]	INFO	new upload client[12] connected.

[2014-09-24 16:43:54]	INFO	[-->12]	0	transmission start
[2014-09-24 16:43:54]	INFO	[-->12]	0	Success, transmission finish. Close connection.
[2014-09-24 16:43:54]	INFO	upload client[12] closed.
[2014-09-24 16:44:29]	INFO	new upload client[12] connected.

[2014-09-24 16:44:29]	INFO	[-->12]	0	transmission start
[2014-09-24 16:44:29]	INFO	[-->12]	0	Success, transmission finish. Close connection.
[2014-09-24 16:44:29]	INFO	upload client[12] closed.
[2014-09-24 16:45:16]	INFO	new upload client[12] connected.

[2014-09-24 16:45:16]	INFO	[-->12]	0	transmission start
[2014-09-24 16:45:16]	INFO	[-->12]	0	Success, transmission finish. Close connection.
[2014-09-24 16:45:16]	INFO	upload client[12] closed.
[2014-09-24 16:46:19]	INFO	new upload client[12] connected.

[2014-09-24 16:46:19]	INFO	[-->12]	0	transmission start
[2014-09-24 16:46:19]	INFO	[-->12]	0	Success, transmission finish. Close connection.
[2014-09-24 16:46:19]	INFO	upload client[12] closed.
[2014-09-24 16:46:36]	INFO	new upload client[12] connected.

[2014-09-24 16:46:36]	INFO	[-->12]	0	transmission start
[2014-09-24 16:46:36]	INFO	[-->12]	0	Success, transmission finish. Close connection.
[2014-09-24 16:46:36]	INFO	upload client[12] closed.
[2014-09-24 16:47:50]	INFO	new upload client[12] connected.

[2014-09-24 16:47:50]	INFO	[-->12]	0	transmission start
[2014-09-24 16:47:50]	INFO	[-->12]	0	Success, transmission finish. Close connection.
[2014-09-24 16:47:50]	INFO	upload client[12] closed.
[2014-09-24 16:48:20]	INFO	new upload client[12] connected.

[2014-09-24 16:48:20]	INFO	[-->12]	0	transmission start
[2014-09-24 16:48:20]	INFO	[-->12]	0	Success, transmission finish. Close connection.
[2014-09-24 16:48:20]	INFO	upload client[12] closed.
[2014-09-24 16:49:40]	INFO	new upload client[12] connected.

[2014-09-24 16:49:40]	INFO	[-->12]	0	transmission start
[2014-09-24 16:49:40]	INFO	[-->12]	0	Success, transmission finish. Close connection.
[2014-09-24 16:49:40]	INFO	upload client[12] closed.
[2014-09-24 16:51:02]	INFO	new upload client[12] connected.

[2014-09-24 16:51:02]	INFO	[-->12]	0	transmission start
[2014-09-24 16:51:02]	INFO	[-->12]	0	Success, transmission finish. Close connection.
[2014-09-24 16:51:02]	INFO	upload client[12] closed.
[2014-09-24 16:51:41]	INFO	new upload client[12] connected.

[2014-09-24 16:51:41]	INFO	[-->12]	0	transmission start
[2014-09-24 16:51:41]	INFO	[-->12]	0	Success, transmission finish. Close connection.
[2014-09-24 16:51:41]	INFO	upload client[12] closed.
[2014-09-24 16:52:29]	INFO	new upload client[12] connected.

[2014-09-24 16:52:29]	INFO	[-->12]	0	transmission start
[2014-09-24 16:52:29]	INFO	[-->12]	0	Success, transmission finish. Close connection.
[2014-09-24 16:52:29]	INFO	upload client[12] closed.
[2014-09-24 16:53:25]	INFO	new upload client[12] connected.

[2014-09-24 16:53:25]	INFO	[-->12]	0	transmission start
[2014-09-24 16:53:25]	INFO	[-->12]	0	Success, transmission finish. Close connection.
[2014-09-24 16:53:25]	INFO	upload client[12] closed.
[2014-09-24 16:53:36]	INFO	new upload client[12] connected.

[2014-09-24 16:53:36]	INFO	[-->12]	0	transmission start
[2014-09-24 16:53:36]	INFO	[-->12]	0	Success, transmission finish. Close connection.
[2014-09-24 16:53:36]	INFO	upload client[12] closed.
[2014-09-24 16:53:52]	INFO	new upload client[12] connected.

[2014-09-24 16:53:52]	INFO	[-->12]	0	transmission start
[2014-09-24 16:53:52]	INFO	[-->12]	0	Success, transmission finish. Close connection.
[2014-09-24 16:53:52]	INFO	upload client[12] closed.
[2014-09-24 16:54:11]	INFO	new upload client[12] connected.

[2014-09-24 16:54:11]	INFO	[-->12]	0	transmission start
[2014-09-24 16:54:11]	INFO	[-->12]	0	Success, transmission finish. Close connection.
[2014-09-24 16:54:11]	INFO	upload client[12] closed.
[2014-09-24 16:54:27]	INFO	new upload client[12] connected.

[2014-09-24 16:54:27]	INFO	[-->12]	0	transmission start
[2014-09-24 16:54:27]	INFO	[-->12]	0	Success, transmission finish. Close connection.
[2014-09-24 16:54:27]	INFO	upload client[12] closed.
[2014-09-24 16:54:47]	INFO	new upload client[12] connected.

[2014-09-24 16:54:47]	INFO	[-->12]	0	transmission start
[2014-09-24 16:54:47]	INFO	[-->12]	0	Success, transmission finish. Close connection.
[2014-09-24 16:54:47]	INFO	upload client[12] closed.
[2014-09-24 16:55:06]	INFO	new upload client[12] connected.

[2014-09-24 16:55:06]	INFO	[-->12]	0	transmission start
[2014-09-24 16:55:06]	INFO	[-->12]	0	Success, transmission finish. Close connection.
[2014-09-24 16:55:06]	INFO	upload client[12] closed.
[2014-09-24 16:55:22]	INFO	new upload client[12] connected.

[2014-09-24 16:55:22]	INFO	[-->12]	0	transmission start
[2014-09-24 16:55:22]	INFO	[-->12]	0	Success, transmission finish. Close connection.
[2014-09-24 16:55:22]	INFO	upload client[12] closed.
[2014-09-24 16:55:33]	INFO	new upload client[12] connected.

[2014-09-24 16:55:33]	INFO	[-->12]	0	transmission start
[2014-09-24 16:55:33]	INFO	[-->12]	0	Success, transmission finish. Close connection.
[2014-09-24 16:55:33]	INFO	upload client[12] closed.
[2014-09-24 16:57:13]	INFO	new upload client[12] connected.

[2014-09-24 16:57:13]	INFO	[-->12]	0	transmission start
[2014-09-24 16:57:13]	INFO	[-->12]	0	Success, transmission finish. Close connection.
[2014-09-24 16:57:13]	INFO	upload client[12] closed.
[2014-09-24 16:57:56]	INFO	new upload client[12] connected.

[2014-09-24 16:57:56]	INFO	[-->12]	0	transmission start
[2014-09-24 16:57:56]	INFO	[-->12]	0	Success, transmission finish. Close connection.
[2014-09-24 16:57:56]	INFO	upload client[12] closed.
[2014-09-24 16:57:58]	INFO	new upload client[12] connected.

[2014-09-24 16:57:58]	INFO	[-->12]	0	transmission start
[2014-09-24 16:57:58]	INFO	[-->12]	0	Success, transmission finish. Close connection.
[2014-09-24 16:57:58]	INFO	upload client[12] closed.
[2014-09-24 16:58:13]	INFO	new upload client[12] connected.

[2014-09-24 16:58:13]	INFO	[-->12]	0	transmission start
[2014-09-24 16:58:13]	INFO	[-->12]	0	Success, transmission finish. Close connection.
[2014-09-24 16:58:13]	INFO	upload client[12] closed.
[2014-09-24 17:07:31]	INFO	new upload client[12] connected.

[2014-09-24 17:07:31]	INFO	[-->12]	0	transmission start
[2014-09-24 17:07:31]	INFO	[-->12]	0	Success, transmission finish. Close connection.
[2014-09-24 17:07:31]	INFO	upload client[12] closed.
[2014-09-24 17:10:33]	INFO	new upload client[12] connected.

[2014-09-24 17:10:33]	INFO	[-->12]	0	transmission start
[2014-09-24 17:10:33]	INFO	[-->12]	0	Success, transmission finish. Close connection.
[2014-09-24 17:10:33]	INFO	upload client[12] closed.
[2014-09-24 17:11:30]	INFO	new upload client[12] connected.

[2014-09-24 17:11:30]	INFO	[-->12]	0	transmission start
[2014-09-24 17:11:30]	INFO	[-->12]	0	Success, transmission finish. Close connection.
[2014-09-24 17:11:30]	INFO	upload client[12] closed.
[2014-09-24 17:12:02]	INFO	new upload client[12] connected.

[2014-09-24 17:12:02]	INFO	[-->12]	0	transmission start
[2014-09-24 17:12:02]	INFO	[-->12]	0	Success, transmission finish. Close connection.
[2014-09-24 17:12:02]	INFO	upload client[12] closed.
[2014-09-24 17:13:29]	INFO	new upload client[12] connected.

[2014-09-24 17:13:29]	INFO	[-->12]	0	transmission start
[2014-09-24 17:13:29]	INFO	[-->12]	0	Success, transmission finish. Close connection.
[2014-09-24 17:13:29]	INFO	upload client[12] closed.
[2014-09-24 17:13:59]	INFO	new upload client[12] connected.

[2014-09-24 17:13:59]	INFO	[-->12]	0	transmission start
[2014-09-24 17:13:59]	INFO	[-->12]	0	Success, transmission finish. Close connection.
[2014-09-24 17:13:59]	INFO	upload client[12] closed.
[2014-09-24 17:14:40]	INFO	new upload client[12] connected.

[2014-09-24 17:14:40]	INFO	[-->12]	0	transmission start
[2014-09-24 17:14:40]	INFO	[-->12]	0	Success, transmission finish. Close connection.
[2014-09-24 17:14:40]	INFO	upload client[12] closed.
[2014-09-24 17:16:18]	INFO	new upload client[12] connected.

[2014-09-24 17:16:18]	INFO	[-->12]	0	transmission start
[2014-09-24 17:16:18]	INFO	[-->12]	0	Success, transmission finish. Close connection.
[2014-09-24 17:16:18]	INFO	upload client[12] closed.
[2014-09-24 17:17:02]	INFO	new upload client[12] connected.

[2014-09-24 17:17:02]	INFO	[-->12]	0	transmission start
[2014-09-24 17:17:02]	INFO	[-->12]	0	Success, transmission finish. Close connection.
[2014-09-24 17:17:02]	INFO	upload client[12] closed.
[2014-09-24 17:17:33]	INFO	new upload client[12] connected.

[2014-09-24 17:17:33]	INFO	[-->12]	0	transmission start
[2014-09-24 17:17:33]	INFO	[-->12]	0	Success, transmission finish. Close connection.
[2014-09-24 17:17:33]	INFO	upload client[12] closed.
[2014-09-24 17:18:51]	INFO	new upload client[12] connected.

[2014-09-24 17:18:51]	INFO	[-->12]	0	transmission start
[2014-09-24 17:18:51]	INFO	[-->12]	0	Success, transmission finish. Close connection.
[2014-09-24 17:18:51]	INFO	upload client[12] closed.
[2014-09-24 17:21:16]	INFO	new upload client[12] connected.

[2014-09-24 17:21:16]	INFO	[-->12]	0	transmission start
[2014-09-24 17:21:16]	INFO	[-->12]	0	Success, transmission finish. Close connection.
[2014-09-24 17:21:16]	INFO	upload client[12] closed.
[2014-09-24 17:22:31]	INFO	new upload client[12] connected.

[2014-09-24 17:22:31]	INFO	[-->12]	0	transmission start
[2014-09-24 17:22:31]	INFO	[-->12]	0	Success, transmission finish. Close connection.
[2014-09-24 17:22:31]	INFO	upload client[12] closed.
[2014-09-24 17:22:45]	INFO	new upload client[12] connected.

[2014-09-24 17:22:45]	INFO	[-->12]	0	transmission start
[2014-09-24 17:22:45]	INFO	[-->12]	0	Success, transmission finish. Close connection.
[2014-09-24 17:22:45]	INFO	upload client[12] closed.
[2014-09-24 17:24:46]	INFO	new upload client[12] connected.

[2014-09-24 17:24:46]	INFO	[-->12]	0	transmission start
[2014-09-24 17:24:46]	INFO	[-->12]	0	Success, transmission finish. Close connection.
[2014-09-24 17:24:46]	INFO	upload client[12] closed.
[2014-09-24 17:27:13]	INFO	new upload client[12] connected.

[2014-09-24 17:27:13]	INFO	[-->12]	0	transmission start
[2014-09-24 17:27:13]	INFO	[-->12]	0	Success, transmission finish. Close connection.
[2014-09-24 17:27:13]	INFO	upload client[12] closed.
[2014-09-24 17:28:22]	INFO	new upload client[12] connected.

[2014-09-24 17:28:22]	INFO	[-->12]	0	transmission start
[2014-09-24 17:28:22]	INFO	[-->12]	0	Success, transmission finish. Close connection.
[2014-09-24 17:28:22]	INFO	upload client[12] closed.
[2014-09-24 17:28:34]	INFO	new upload client[12] connected.

[2014-09-24 17:28:34]	INFO	[-->12]	0	transmission start
[2014-09-24 17:28:34]	INFO	[-->12]	0	Success, transmission finish. Close connection.
[2014-09-24 17:28:34]	INFO	upload client[12] closed.
[2014-09-24 17:29:04]	INFO	new upload client[12] connected.

[2014-09-24 17:29:04]	INFO	[-->12]	0	transmission start
[2014-09-24 17:29:04]	INFO	[-->12]	0	Success, transmission finish. Close connection.
[2014-09-24 17:29:04]	INFO	upload client[12] closed.
[2014-09-24 17:30:12]	INFO	new upload client[12] connected.

[2014-09-24 17:30:12]	INFO	[-->12]	0	transmission start
[2014-09-24 17:30:12]	INFO	[-->12]	0	Success, transmission finish. Close connection.
[2014-09-24 17:30:12]	INFO	upload client[12] closed.
[2014-09-24 17:31:21]	INFO	new upload client[12] connected.

[2014-09-24 17:31:21]	INFO	[-->12]	0	transmission start
[2014-09-24 17:31:21]	INFO	[-->12]	0	Success, transmission finish. Close connection.
[2014-09-24 17:31:21]	INFO	upload client[12] closed.
[2014-09-24 17:31:45]	INFO	new upload client[12] connected.

[2014-09-24 17:31:45]	INFO	[-->12]	0	transmission start
[2014-09-24 17:31:45]	INFO	[-->12]	0	Success, transmission finish. Close connection.
[2014-09-24 17:31:45]	INFO	upload client[12] closed.
[2014-09-24 17:35:46]	INFO	new upload client[12] connected.

[2014-09-24 17:35:46]	INFO	[-->12]	0	transmission start
[2014-09-24 17:35:46]	INFO	[-->12]	0	Success, transmission finish. Close connection.
[2014-09-24 17:35:46]	INFO	upload client[12] closed.
[2014-09-24 17:36:02]	INFO	new upload client[12] connected.

[2014-09-24 17:36:02]	INFO	[-->12]	0	transmission start
[2014-09-24 17:36:02]	INFO	[-->12]	0	Success, transmission finish. Close connection.
[2014-09-24 17:36:02]	INFO	upload client[12] closed.
[2014-09-24 17:37:11]	INFO	new upload client[12] connected.

[2014-09-24 17:37:11]	INFO	[-->12]	0	transmission start
[2014-09-24 17:37:11]	INFO	[-->12]	0	Success, transmission finish. Close connection.
[2014-09-24 17:37:11]	INFO	upload client[12] closed.
[2014-09-24 17:39:21]	INFO	new upload client[12] connected.

[2014-09-24 17:39:21]	INFO	[-->12]	0	transmission start
[2014-09-24 17:39:21]	INFO	[-->12]	0	Success, transmission finish. Close connection.
[2014-09-24 17:39:21]	INFO	upload client[12] closed.
[2014-09-24 17:43:00]	INFO	new upload client[12] connected.

[2014-09-24 17:43:00]	INFO	[-->12]	0	transmission start
[2014-09-24 17:43:00]	INFO	[-->12]	0	Success, transmission finish. Close connection.
[2014-09-24 17:43:00]	INFO	upload client[12] closed.
[2014-09-24 17:43:33]	INFO	new upload client[12] connected.

[2014-09-24 17:43:33]	INFO	[-->12]	0	transmission start
[2014-09-24 17:43:33]	INFO	[-->12]	0	Success, transmission finish. Close connection.
[2014-09-24 17:43:33]	INFO	upload client[12] closed.
[2014-09-24 17:43:48]	INFO	new upload client[12] connected.

[2014-09-24 17:43:48]	INFO	[-->12]	0	transmission start
[2014-09-24 17:43:48]	INFO	[-->12]	0	Success, transmission finish. Close connection.
[2014-09-24 17:43:48]	INFO	upload client[12] closed.
[2014-09-24 17:45:39]	INFO	new upload client[12] connected.

[2014-09-24 17:45:39]	INFO	[-->12]	0	transmission start
[2014-09-24 17:45:39]	INFO	[-->12]	0	Success, transmission finish. Close connection.
[2014-09-24 17:45:39]	INFO	upload client[12] closed.
[2014-09-24 17:48:30]	INFO	new upload client[12] connected.

[2014-09-24 17:48:30]	INFO	[-->12]	0	transmission start
[2014-09-24 17:48:30]	INFO	[-->12]	0	Success, transmission finish. Close connection.
[2014-09-24 17:48:30]	INFO	upload client[12] closed.
[2014-09-24 17:51:15]	INFO	new upload client[12] connected.

[2014-09-24 17:51:15]	INFO	[-->12]	0	transmission start
[2014-09-24 17:51:15]	INFO	[-->12]	0	Success, transmission finish. Close connection.
[2014-09-24 17:51:15]	INFO	upload client[12] closed.
[2014-09-24 17:51:32]	INFO	new upload client[12] connected.

[2014-09-24 17:51:32]	INFO	[-->12]	0	transmission start
[2014-09-24 17:51:32]	INFO	[-->12]	0	Success, transmission finish. Close connection.
[2014-09-24 17:51:32]	INFO	upload client[12] closed.
[2014-09-24 17:52:08]	INFO	new upload client[12] connected.

[2014-09-24 17:52:08]	INFO	[-->12]	0	transmission start
[2014-09-24 17:52:08]	INFO	[-->12]	0	Success, transmission finish. Close connection.
[2014-09-24 17:52:08]	INFO	upload client[12] closed.
[2014-09-24 17:52:58]	INFO	new upload client[12] connected.

[2014-09-24 17:52:58]	INFO	[-->12]	0	transmission start
[2014-09-24 17:52:58]	INFO	[-->12]	0	Success, transmission finish. Close connection.
[2014-09-24 17:52:58]	INFO	upload client[12] closed.
[2014-09-24 17:53:40]	INFO	new upload client[12] connected.

[2014-09-24 17:53:40]	INFO	[-->12]	0	transmission start
[2014-09-24 17:53:40]	INFO	[-->12]	0	Success, transmission finish. Close connection.
[2014-09-24 17:53:40]	INFO	upload client[12] closed.
[2014-09-24 17:54:25]	INFO	new upload client[12] connected.

[2014-09-24 17:54:25]	INFO	[-->12]	0	transmission start
[2014-09-24 17:54:25]	INFO	[-->12]	0	Success, transmission finish. Close connection.
[2014-09-24 17:54:25]	INFO	upload client[12] closed.
[2014-09-24 17:54:50]	INFO	new upload client[12] connected.

[2014-09-24 17:54:50]	INFO	[-->12]	0	transmission start
[2014-09-24 17:54:50]	INFO	[-->12]	0	Success, transmission finish. Close connection.
[2014-09-24 17:54:50]	INFO	upload client[12] closed.
[2014-09-24 17:58:43]	INFO	new upload client[12] connected.

[2014-09-24 17:58:43]	INFO	[-->12]	0	transmission start
[2014-09-24 17:58:43]	INFO	[-->12]	0	Success, transmission finish. Close connection.
[2014-09-24 17:58:43]	INFO	upload client[12] closed.
[2014-09-24 18:15:41]	INFO	upload server starting
[2014-09-24 18:32:59]	INFO	upload server starting
[2014-09-24 18:45:11]	INFO	upload server starting
[2014-09-24 18:46:46]	INFO	upload server starting
[2014-09-24 19:46:11]	INFO	upload server stop
[2014-09-25 12:17:16]	INFO	upload server starting
[2014-09-25 20:18:15]	INFO	upload server stop
[2014-09-28 12:00:33]	INFO	upload server starting
[2014-09-28 15:22:25]	INFO	upload server stop
[2014-09-28 15:22:26]	INFO	upload server stop
[2014-09-28 15:22:46]	INFO	upload server stop
[2014-09-28 15:22:47]	INFO	upload server stop
[2014-09-28 15:23:24]	INFO	upload server stop
[2014-09-28 15:23:24]	INFO	upload server stop
[2014-09-28 15:25:23]	INFO	upload server stop
[2014-09-28 15:27:07]	INFO	upload server stop
[2014-09-28 15:27:20]	INFO	upload server start
[2014-09-28 15:27:59]	INFO	upload server start
[2014-09-28 15:57:11]	INFO	upload server start
[2014-09-28 15:57:18]	INFO	upload server start
[2014-09-28 19:16:55]	INFO	upload server stop
[2014-09-29 10:58:12]	INFO	upload server start
[2014-09-29 13:40:19]	INFO	new upload client[12] connected.

[2014-09-29 13:40:19]	INFO	[-->12]	0	transmission start
[2014-09-29 13:40:19]	INFO	[-->12]	0	Success, transmission finish. Close connection.
[2014-09-29 13:40:19]	INFO	upload client[12] closed.
[2014-09-29 13:42:02]	INFO	new upload client[12] connected.

[2014-09-29 13:42:02]	INFO	[-->12]	0	transmission start
[2014-09-29 13:42:02]	INFO	[-->12]	0	Success, transmission finish. Close connection.
[2014-09-29 13:42:02]	INFO	upload client[12] closed.
[2014-09-29 13:42:05]	INFO	new upload client[12] connected.

[2014-09-29 13:42:05]	INFO	[-->12]	0	transmission start
[2014-09-29 13:42:05]	INFO	[-->12]	0	Success, transmission finish. Close connection.
[2014-09-29 13:42:05]	INFO	upload client[12] closed.
[2014-09-29 13:43:58]	INFO	new upload client[12] connected.

[2014-09-29 13:43:58]	INFO	[-->12]	0	transmission start
[2014-09-29 13:43:58]	INFO	[-->12]	0	Success, transmission finish. Close connection.
[2014-09-29 13:43:58]	INFO	upload client[12] closed.
[2014-09-29 14:36:54]	INFO	upload server start
[2014-09-29 14:39:21]	INFO	upload server stop
[2014-09-29 14:39:45]	INFO	upload server start
[2014-09-29 14:43:33]	INFO	upload server stop
[2014-09-29 14:46:40]	INFO	upload server start
[2014-09-29 14:47:00]	INFO	upload server stop
[2014-09-29 14:47:30]	INFO	upload server start
[2014-09-29 14:51:36]	INFO	upload server start
[2014-09-29 14:52:03]	INFO	upload server stop
[2014-09-29 14:52:18]	INFO	upload server start
[2014-09-29 15:03:39]	INFO	upload server start
[2014-09-29 15:17:53]	INFO	upload server start
[2014-09-29 15:18:19]	INFO	upload server stop
[2014-09-29 15:18:37]	INFO	upload server start
[2014-09-29 15:21:18]	INFO	upload server start
[2014-09-29 15:22:06]	INFO	upload server start
[2014-09-29 15:23:12]	INFO	upload server start
[2014-09-29 15:30:57]	INFO	upload server start
[2014-09-29 17:25:04]	INFO	upload server start
[2014-10-08 11:18:07]	INFO	upload server start
[2014-10-08 11:18:31]	INFO	new upload client[16] connected.

[2014-10-08 11:18:31]	INFO	[-->16]	0	transmission start
[2014-10-08 11:18:31]	INFO	[-->16]	0	Success, transmission finish. Close connection.
[2014-10-08 11:18:31]	INFO	upload client[16] closed.
[2014-10-08 16:20:57]	INFO	new upload client[16] connected.

[2014-10-08 16:20:57]	INFO	[-->16]	0	transmission start
[2014-10-08 16:20:57]	INFO	[-->16]	0	Success, transmission finish. Close connection.
[2014-10-08 16:20:57]	INFO	upload client[16] closed.
[2014-10-08 17:11:04]	INFO	upload server start
[2014-10-09 12:15:13]	INFO	upload server start
[2014-10-09 12:17:45]	INFO	upload server stop
[2014-10-09 12:17:56]	INFO	upload server start
[2014-10-09 12:19:11]	INFO	upload server start
[2014-10-09 12:19:20]	INFO	upload server start
[2014-10-09 12:23:20]	INFO	upload server start
[2014-10-09 12:24:26]	INFO	upload server start
[2014-10-09 12:25:46]	INFO	upload server start
[2014-10-09 12:32:04]	INFO	upload server start
[2014-10-09 12:38:42]	INFO	upload server start
[2014-10-09 12:40:48]	INFO	upload server start
[2014-10-09 12:44:36]	INFO	upload server start
[2014-10-09 12:46:04]	INFO	upload server start
[2014-10-09 14:31:46]	INFO	upload server stop
[2014-10-09 14:32:55]	INFO	upload server start
[2014-10-09 14:34:58]	INFO	upload server stop
[2014-10-09 14:35:50]	INFO	upload server start
[2014-10-09 14:38:37]	INFO	upload server stop
[2014-10-09 14:38:59]	INFO	upload server start
[2014-10-09 14:46:47]	INFO	upload server stop
[2014-10-09 14:50:18]	INFO	upload server start
[2014-10-09 14:50:25]	INFO	upload server stop
[2014-10-09 14:50:31]	INFO	upload server start
[2014-10-09 14:50:56]	INFO	upload server stop
[2014-10-09 14:51:07]	INFO	upload server start
[2014-10-09 14:52:29]	INFO	upload server stop
[2014-10-09 14:53:12]	INFO	upload server start
[2014-10-09 14:53:32]	INFO	upload server stop
[2014-10-09 14:53:39]	INFO	upload server start
[2014-10-09 14:57:30]	INFO	upload server stop
[2014-10-09 14:57:34]	INFO	upload server start
[2014-10-09 14:58:35]	INFO	upload server stop
[2014-10-09 14:58:39]	INFO	upload server start
[2014-10-09 15:00:12]	INFO	upload server stop
[2014-10-09 15:00:17]	INFO	upload server start
[2014-10-09 15:01:46]	INFO	upload server stop
[2014-10-09 15:01:49]	INFO	upload server start
[2014-10-09 15:03:35]	INFO	upload server stop
[2014-10-09 15:03:39]	INFO	upload server start
[2014-10-09 15:06:17]	INFO	upload server stop
[2014-10-09 15:08:29]	INFO	upload server start
[2014-10-09 15:10:03]	INFO	upload server stop
[2014-10-09 15:10:06]	INFO	upload server start
[2014-10-09 15:11:10]	INFO	upload server stop
[2014-10-09 15:12:20]	INFO	upload server start
[2014-10-09 18:11:49]	INFO	upload server stop
[2014-10-09 18:24:21]	INFO	upload server start
[2014-10-09 18:24:54]	INFO	upload server stop
[2014-10-09 18:25:01]	INFO	upload server start
[2014-10-11 16:34:38]	INFO	new upload client[15] connected.

[2014-10-11 16:34:38]	INFO	[-->15]	0	transmission start
[2014-10-11 16:34:38]	INFO	[-->15]	0	Success, transmission finish. Close connection.
[2014-10-11 16:34:38]	INFO	upload client[15] closed.
[2014-10-11 16:36:42]	INFO	new upload client[15] connected.

[2014-10-11 16:36:42]	INFO	[-->15]	0	transmission start
[2014-10-11 16:36:42]	INFO	[-->15]	0	Success, transmission finish. Close connection.
[2014-10-11 16:36:42]	INFO	upload client[15] closed.
[2014-10-11 16:36:46]	INFO	new upload client[15] connected.

[2014-10-11 16:36:46]	INFO	[-->15]	0	transmission start
[2014-10-11 16:36:46]	INFO	[-->15]	0	Success, transmission finish. Close connection.
[2014-10-11 16:36:46]	INFO	upload client[15] closed.
[2014-10-11 16:42:02]	INFO	new upload client[15] connected.

[2014-10-11 16:42:02]	INFO	[-->15]	0	transmission start
[2014-10-11 16:42:02]	INFO	[-->15]	0	Success, transmission finish. Close connection.
[2014-10-11 16:42:02]	INFO	upload client[15] closed.
[2014-10-11 16:44:52]	INFO	new upload client[15] connected.

[2014-10-11 16:44:52]	INFO	[-->15]	0	transmission start
[2014-10-11 16:44:52]	INFO	[-->15]	0	Success, transmission finish. Close connection.
[2014-10-11 16:44:52]	INFO	upload client[15] closed.
[2014-10-11 16:54:17]	INFO	new upload client[15] connected.

[2014-10-11 16:54:17]	INFO	[-->15]	0	transmission start
[2014-10-11 16:54:17]	INFO	[-->15]	0	Success, transmission finish. Close connection.
[2014-10-11 16:54:17]	INFO	upload client[15] closed.
[2014-10-11 16:55:21]	INFO	new upload client[15] connected.

[2014-10-11 16:55:21]	INFO	[-->15]	0	transmission start
[2014-10-11 16:55:21]	INFO	[-->15]	0	Success, transmission finish. Close connection.
[2014-10-11 16:55:21]	INFO	upload client[15] closed.
[2014-10-13 15:22:07]	INFO	new upload client[15] connected.

[2014-10-13 15:22:07]	INFO	[-->15]	0	transmission start
[2014-10-13 15:22:07]	INFO	[-->15]	0	Success, transmission finish. Close connection.
[2014-10-13 15:22:07]	INFO	upload client[15] closed.
[2014-10-13 15:41:41]	INFO	new upload client[15] connected.

[2014-10-13 15:41:41]	INFO	[-->15]	0	transmission start
[2014-10-13 15:41:41]	INFO	[-->15]	0	Success, transmission finish. Close connection.
[2014-10-13 15:41:41]	INFO	upload client[15] closed.
[2014-10-13 15:48:40]	INFO	new upload client[15] connected.

[2014-10-13 15:48:40]	INFO	[-->15]	0	transmission start
[2014-10-13 15:48:40]	INFO	[-->15]	0	Success, transmission finish. Close connection.
[2014-10-13 15:48:40]	INFO	upload client[15] closed.
[2014-10-13 15:54:12]	INFO	new upload client[15] connected.

[2014-10-13 15:54:12]	INFO	[-->15]	0	transmission start
[2014-10-13 15:54:13]	INFO	[-->15]	0	Success, transmission finish. Close connection.
[2014-10-13 15:54:13]	INFO	upload client[15] closed.
[2014-10-13 15:54:59]	INFO	new upload client[15] connected.

[2014-10-13 15:54:59]	INFO	[-->15]	0	transmission start
[2014-10-13 15:54:59]	INFO	[-->15]	0	Success, transmission finish. Close connection.
[2014-10-13 15:54:59]	INFO	upload client[15] closed.
[2014-10-13 15:55:14]	INFO	new upload client[15] connected.

[2014-10-13 15:55:14]	INFO	[-->15]	0	transmission start
[2014-10-13 15:55:14]	INFO	[-->15]	0	Success, transmission finish. Close connection.
[2014-10-13 15:55:14]	INFO	upload client[15] closed.
[2014-10-13 15:56:13]	INFO	new upload client[15] connected.

[2014-10-13 15:56:13]	INFO	[-->15]	0	transmission start
[2014-10-13 15:56:13]	INFO	[-->15]	0	Success, transmission finish. Close connection.
[2014-10-13 15:56:13]	INFO	upload client[15] closed.
[2014-10-13 15:57:40]	INFO	new upload client[15] connected.

[2014-10-13 15:57:40]	INFO	[-->15]	0	transmission start
[2014-10-13 15:57:40]	INFO	[-->15]	0	Success, transmission finish. Close connection.
[2014-10-13 15:57:40]	INFO	upload client[15] closed.
[2014-10-13 15:59:20]	INFO	new upload client[15] connected.

[2014-10-13 15:59:20]	INFO	[-->15]	0	transmission start
[2014-10-13 15:59:20]	INFO	[-->15]	0	Success, transmission finish. Close connection.
[2014-10-13 15:59:20]	INFO	upload client[15] closed.
[2014-10-13 16:07:59]	INFO	new upload client[15] connected.

[2014-10-13 16:07:59]	INFO	[-->15]	0	transmission start
[2014-10-13 16:07:59]	INFO	[-->15]	0	Success, transmission finish. Close connection.
[2014-10-13 16:07:59]	INFO	upload client[15] closed.
[2014-10-13 16:09:12]	INFO	new upload client[15] connected.

[2014-10-13 16:09:12]	INFO	[-->15]	0	transmission start
[2014-10-13 16:09:12]	INFO	[-->15]	0	Success, transmission finish. Close connection.
[2014-10-13 16:09:12]	INFO	upload client[15] closed.
[2014-10-13 16:12:34]	INFO	new upload client[15] connected.

[2014-10-13 16:12:34]	INFO	[-->15]	0	transmission start
[2014-10-13 16:12:34]	INFO	[-->15]	0	Success, transmission finish. Close connection.
[2014-10-13 16:12:34]	INFO	upload client[15] closed.
[2014-10-13 16:12:40]	INFO	new upload client[15] connected.

[2014-10-13 16:12:40]	INFO	[-->15]	0	transmission start
[2014-10-13 16:12:40]	INFO	[-->15]	0	Success, transmission finish. Close connection.
[2014-10-13 16:12:40]	INFO	upload client[15] closed.
[2014-10-13 16:13:38]	INFO	new upload client[15] connected.

[2014-10-13 16:13:38]	INFO	[-->15]	0	transmission start
[2014-10-13 16:13:38]	INFO	[-->15]	0	Success, transmission finish. Close connection.
[2014-10-13 16:13:38]	INFO	upload client[15] closed.
[2014-10-13 16:15:39]	INFO	new upload client[15] connected.

[2014-10-13 16:15:39]	INFO	[-->15]	0	transmission start
[2014-10-13 16:15:39]	INFO	[-->15]	0	Success, transmission finish. Close connection.
[2014-10-13 16:15:39]	INFO	upload client[15] closed.
[2014-10-13 16:15:48]	INFO	new upload client[15] connected.

[2014-10-13 16:15:48]	INFO	[-->15]	0	transmission start
[2014-10-13 16:15:48]	INFO	[-->15]	0	Success, transmission finish. Close connection.
[2014-10-13 16:15:48]	INFO	upload client[15] closed.
[2014-10-13 16:16:28]	INFO	new upload client[15] connected.

[2014-10-13 16:16:28]	INFO	[-->15]	0	transmission start
[2014-10-13 16:16:28]	INFO	[-->15]	0	Success, transmission finish. Close connection.
[2014-10-13 16:16:28]	INFO	upload client[15] closed.
[2014-10-13 16:18:42]	INFO	new upload client[15] connected.

[2014-10-13 16:18:42]	INFO	[-->15]	0	transmission start
[2014-10-13 16:18:42]	INFO	[-->15]	0	Success, transmission finish. Close connection.
[2014-10-13 16:18:42]	INFO	upload client[15] closed.
[2014-10-13 16:19:26]	INFO	new upload client[15] connected.

[2014-10-13 16:19:26]	INFO	[-->15]	0	transmission start
[2014-10-13 16:19:26]	INFO	[-->15]	0	Success, transmission finish. Close connection.
[2014-10-13 16:19:26]	INFO	upload client[15] closed.
[2014-10-13 16:20:02]	INFO	new upload client[15] connected.

[2014-10-13 16:20:02]	INFO	[-->15]	0	transmission start
[2014-10-13 16:20:02]	INFO	[-->15]	0	Success, transmission finish. Close connection.
[2014-10-13 16:20:02]	INFO	upload client[15] closed.
[2014-10-13 16:20:22]	INFO	new upload client[15] connected.

[2014-10-13 16:20:22]	INFO	[-->15]	0	transmission start
[2014-10-13 16:20:22]	INFO	[-->15]	0	Success, transmission finish. Close connection.
[2014-10-13 16:20:22]	INFO	upload client[15] closed.
[2014-10-13 16:20:51]	INFO	new upload client[15] connected.

[2014-10-13 16:20:51]	INFO	[-->15]	0	transmission start
[2014-10-13 16:20:51]	INFO	[-->15]	0	Success, transmission finish. Close connection.
[2014-10-13 16:20:51]	INFO	upload client[15] closed.
[2014-10-13 16:20:58]	INFO	new upload client[15] connected.

[2014-10-13 16:20:58]	INFO	[-->15]	0	transmission start
[2014-10-13 16:20:58]	INFO	[-->15]	0	Success, transmission finish. Close connection.
[2014-10-13 16:20:58]	INFO	upload client[15] closed.
[2014-10-13 16:21:42]	INFO	new upload client[15] connected.

[2014-10-13 16:21:42]	INFO	[-->15]	0	transmission start
[2014-10-13 16:21:42]	INFO	[-->15]	0	Success, transmission finish. Close connection.
[2014-10-13 16:21:42]	INFO	upload client[15] closed.
[2014-10-13 16:22:25]	INFO	new upload client[15] connected.

[2014-10-13 16:22:25]	INFO	[-->15]	0	transmission start
[2014-10-13 16:22:25]	INFO	[-->15]	0	Success, transmission finish. Close connection.
[2014-10-13 16:22:25]	INFO	upload client[15] closed.
[2014-10-13 16:23:22]	INFO	new upload client[15] connected.

[2014-10-13 16:23:22]	INFO	[-->15]	0	transmission start
[2014-10-13 16:23:22]	INFO	[-->15]	0	Success, transmission finish. Close connection.
[2014-10-13 16:23:22]	INFO	upload client[15] closed.
[2014-10-13 16:25:04]	INFO	new upload client[15] connected.

[2014-10-13 16:25:04]	INFO	[-->15]	0	transmission start
[2014-10-13 16:25:04]	INFO	[-->15]	0	Success, transmission finish. Close connection.
[2014-10-13 16:25:04]	INFO	upload client[15] closed.
[2014-10-13 16:25:39]	INFO	new upload client[15] connected.

[2014-10-13 16:25:39]	INFO	[-->15]	0	transmission start
[2014-10-13 16:25:39]	INFO	[-->15]	0	Success, transmission finish. Close connection.
[2014-10-13 16:25:39]	INFO	upload client[15] closed.
[2014-10-13 16:25:45]	INFO	new upload client[15] connected.

[2014-10-13 16:25:45]	INFO	[-->15]	0	transmission start
[2014-10-13 16:25:45]	INFO	[-->15]	0	Success, transmission finish. Close connection.
[2014-10-13 16:25:45]	INFO	upload client[15] closed.
[2014-10-14 11:54:36]	INFO	upload server stop
[2014-10-14 12:06:26]	INFO	upload server start
[2014-10-14 14:03:26]	INFO	new upload client[12] connected.

[2014-10-14 14:03:26]	INFO	[-->12]	0	transmission start
[2014-10-14 14:03:26]	INFO	[-->12]	0	Success, transmission finish. Close connection.
[2014-10-14 14:03:26]	INFO	upload client[12] closed.
[2014-10-14 14:04:17]	INFO	new upload client[12] connected.

[2014-10-14 14:04:17]	INFO	[-->12]	0	transmission start
[2014-10-14 14:04:17]	INFO	[-->12]	0	Success, transmission finish. Close connection.
[2014-10-14 14:04:17]	INFO	upload client[12] closed.
[2014-10-14 14:07:15]	INFO	new upload client[12] connected.

[2014-10-14 14:07:15]	INFO	[-->12]	0	transmission start
[2014-10-14 14:07:15]	INFO	[-->12]	0	Success, transmission finish. Close connection.
[2014-10-14 14:07:15]	INFO	upload client[12] closed.
[2014-10-14 14:10:26]	INFO	new upload client[12] connected.

[2014-10-14 14:10:26]	INFO	[-->12]	0	transmission start
[2014-10-14 14:10:26]	INFO	[-->12]	0	Success, transmission finish. Close connection.
[2014-10-14 14:10:26]	INFO	upload client[12] closed.
[2014-10-14 14:11:04]	INFO	new upload client[12] connected.

[2014-10-14 14:11:04]	INFO	[-->12]	0	transmission start
[2014-10-14 14:11:04]	INFO	[-->12]	0	Success, transmission finish. Close connection.
[2014-10-14 14:11:04]	INFO	upload client[12] closed.
