[2014-09-23 14:31:10]	INFO	upload server starting

[2014-09-23 14:37:40]	INFO	new upload client[12] connected.

[2014-09-23 14:37:40]	INFO	[-->12]	0	transmission start

[2014-09-23 14:37:40]	INFO	[-->12]	0	Success, transmission finish. Close connection.

[2014-09-23 14:37:40]	INFO	upload client[12] closed.

[2014-09-23 14:50:17]	INFO	upload server starting

[2014-09-23 14:50:58]	INFO	new upload client[12] connected.

[2014-09-23 14:50:58]	INFO	[-->12]	0	transmission start

[2014-09-23 14:50:58]	INFO	[-->12]	0	Success, transmission finish. Close connection.

[2014-09-23 14:50:58]	INFO	upload client[12] closed.

[2014-09-23 14:55:43]	INFO	new upload client[12] connected.

[2014-09-23 14:55:43]	INFO	[-->12]	0	transmission start

[2014-09-23 14:55:43]	INFO	[-->12]	0	Success, transmission finish. Close connection.

[2014-09-23 14:55:43]	INFO	upload client[12] closed.

[2014-09-23 14:59:36]	INFO	upload server starting

[2014-09-23 15:17:49]	INFO	upload server starting
[2014-09-23 15:18:27]	INFO	new upload client[12] connected.

[2014-09-23 15:18:27]	INFO	[-->12]	0	transmission start
[2014-09-23 15:18:27]	INFO	[-->12]	0	Success, transmission finish. Close connection.
[2014-09-23 15:18:27]	INFO	upload client[12] closed.
[2014-09-23 15:24:33]	INFO	new upload client[12] connected.

[2014-09-23 15:24:33]	INFO	[-->12]	0	transmission start
[2014-09-23 15:24:33]	INFO	[-->12]	0	Success, transmission finish. Close connection.
[2014-09-23 15:24:33]	INFO	upload client[12] closed.
[2014-09-23 15:25:48]	INFO	new upload client[12] connected.

[2014-09-23 15:25:48]	INFO	[-->12]	0	transmission start
[2014-09-23 15:25:48]	INFO	[-->12]	0	Success, transmission finish. Close connection.
[2014-09-23 15:25:48]	INFO	upload client[12] closed.
[2014-09-23 15:26:44]	INFO	new upload client[12] connected.

[2014-09-23 15:26:44]	INFO	[-->12]	0	transmission start
[2014-09-23 15:26:44]	INFO	[-->12]	0	Success, transmission finish. Close connection.
[2014-09-23 15:26:44]	INFO	upload client[12] closed.
[2014-09-23 15:27:34]	INFO	new upload client[12] connected.

[2014-09-23 15:27:34]	INFO	[-->12]	0	transmission start
[2014-09-23 15:27:34]	INFO	[-->12]	0	Success, transmission finish. Close connection.
[2014-09-23 15:27:34]	INFO	upload client[12] closed.
[2014-09-23 15:30:08]	INFO	new upload client[12] connected.

[2014-09-23 15:30:08]	INFO	[-->12]	0	transmission start
[2014-09-23 15:30:08]	INFO	[-->12]	0	Success, transmission finish. Close connection.
[2014-09-23 15:30:08]	INFO	upload client[12] closed.
[2014-09-23 15:32:41]	INFO	new upload client[12] connected.

[2014-09-23 15:32:41]	INFO	[-->12]	0	transmission start
[2014-09-23 15:32:41]	INFO	[-->12]	0	Success, transmission finish. Close connection.
[2014-09-23 15:32:41]	INFO	upload client[12] closed.
[2014-09-23 17:19:38]	INFO	upload server starting
[2014-09-23 17:20:47]	INFO	new upload client[12] connected.

[2014-09-23 17:20:47]	INFO	[-->12]	0	transmission start
[2014-09-23 17:20:47]	INFO	[-->12]	0	Success, transmission finish. Close connection.
[2014-09-23 17:20:47]	INFO	upload client[12] closed.
[2014-09-23 17:21:43]	INFO	new upload client[12] connected.

[2014-09-23 17:21:43]	INFO	[-->12]	0	transmission start
[2014-09-23 17:21:43]	INFO	[-->12]	0	Success, transmission finish. Close connection.
[2014-09-23 17:21:43]	INFO	upload client[12] closed.
[2014-09-23 17:24:23]	INFO	new upload client[12] connected.

[2014-09-23 17:24:23]	INFO	[-->12]	0	transmission start
[2014-09-23 17:24:23]	INFO	[-->12]	0	Success, transmission finish. Close connection.
[2014-09-23 17:24:23]	INFO	upload client[12] closed.
[2014-09-23 17:25:02]	INFO	new upload client[12] connected.

[2014-09-23 17:25:02]	INFO	[-->12]	0	transmission start
[2014-09-23 17:25:02]	INFO	[-->12]	0	Success, transmission finish. Close connection.
[2014-09-23 17:25:02]	INFO	upload client[12] closed.
[2014-09-23 17:25:59]	INFO	new upload client[12] connected.

[2014-09-23 17:25:59]	INFO	[-->12]	0	transmission start
[2014-09-23 17:26:00]	INFO	[-->12]	0	Success, transmission finish. Close connection.
[2014-09-23 17:26:00]	INFO	upload client[12] closed.
[2014-09-23 17:26:43]	INFO	new upload client[12] connected.

[2014-09-23 17:26:43]	INFO	[-->12]	0	transmission start
[2014-09-23 17:26:43]	INFO	[-->12]	0	Success, transmission finish. Close connection.
[2014-09-23 17:26:43]	INFO	upload client[12] closed.
[2014-09-23 17:27:38]	INFO	new upload client[12] connected.

[2014-09-23 17:27:38]	INFO	[-->12]	0	transmission start
[2014-09-23 17:27:38]	INFO	[-->12]	0	Success, transmission finish. Close connection.
[2014-09-23 17:27:38]	INFO	upload client[12] closed.
[2014-09-23 17:36:08]	INFO	new upload client[12] connected.

[2014-09-23 17:36:08]	INFO	[-->12]	0	transmission start
[2014-09-23 17:36:08]	INFO	[-->12]	0	Success, transmission finish. Close connection.
[2014-09-23 17:36:08]	INFO	upload client[12] closed.
[2014-09-23 17:37:06]	INFO	new upload client[12] connected.

[2014-09-23 17:37:06]	INFO	[-->12]	0	transmission start
[2014-09-23 17:37:37]	INFO	upload client[12] closed.
[2014-09-23 17:40:08]	INFO	new upload client[12] connected.

[2014-09-23 17:40:08]	INFO	[-->12]	0	transmission start
[2014-09-23 17:40:38]	INFO	upload client[12] closed.
[2014-09-23 17:41:19]	INFO	new upload client[12] connected.

[2014-09-23 17:41:19]	INFO	[-->12]	0	transmission start
[2014-09-23 17:41:49]	INFO	upload client[12] closed.
[2014-09-23 17:44:43]	INFO	new upload client[12] connected.

[2014-09-23 17:44:43]	INFO	[-->12]	0	transmission start
[2014-09-23 17:45:13]	INFO	upload client[12] closed.
[2014-09-23 17:52:22]	INFO	new upload client[12] connected.

[2014-09-23 17:52:22]	INFO	[-->12]	0	transmission start
[2014-09-23 17:52:22]	INFO	[-->12]	0	Success, transmission finish. Close connection.
[2014-09-23 17:52:22]	INFO	upload client[12] closed.
[2014-09-23 18:06:49]	INFO	new upload client[12] connected.

[2014-09-23 18:06:49]	INFO	[-->12]	0	transmission start
[2014-09-23 18:06:49]	INFO	[-->12]	0	Success, transmission finish. Close connection.
[2014-09-23 18:06:49]	INFO	upload client[12] closed.
[2014-09-23 18:09:19]	INFO	new upload client[12] connected.

[2014-09-23 18:09:19]	INFO	[-->12]	0	transmission start
[2014-09-23 18:09:19]	INFO	[-->12]	0	Success, transmission finish. Close connection.
[2014-09-23 18:09:19]	INFO	upload client[12] closed.
[2014-09-23 18:11:22]	INFO	new upload client[12] connected.

[2014-09-23 18:11:22]	INFO	[-->12]	0	transmission start
[2014-09-23 18:11:22]	INFO	[-->12]	0	Success, transmission finish. Close connection.
[2014-09-23 18:11:22]	INFO	upload client[12] closed.
[2014-09-23 18:12:03]	INFO	new upload client[12] connected.

[2014-09-23 18:12:03]	INFO	[-->12]	0	transmission start
[2014-09-23 18:12:03]	INFO	[-->12]	0	Success, transmission finish. Close connection.
[2014-09-23 18:12:03]	INFO	upload client[12] closed.
[2014-09-23 18:12:27]	INFO	new upload client[12] connected.

[2014-09-23 18:12:27]	INFO	[-->12]	0	transmission start
[2014-09-23 18:12:28]	INFO	[-->12]	0	Success, transmission finish. Close connection.
[2014-09-23 18:12:28]	INFO	upload client[12] closed.
[2014-09-23 18:21:29]	INFO	new upload client[12] connected.

[2014-09-23 18:21:29]	INFO	[-->12]	0	transmission start
[2014-09-23 18:21:30]	INFO	[-->12]	0	Success, transmission finish. Close connection.
[2014-09-23 18:21:30]	INFO	upload client[12] closed.
[2014-09-23 18:26:32]	INFO	new upload client[12] connected.

[2014-09-23 18:26:32]	INFO	[-->12]	0	transmission start
[2014-09-23 18:26:33]	INFO	[-->12]	0	Success, transmission finish. Close connection.
[2014-09-23 18:26:33]	INFO	upload client[12] closed.
[2014-09-23 18:26:55]	INFO	new upload client[12] connected.

[2014-09-23 18:26:55]	INFO	[-->12]	0	transmission start
[2014-09-23 18:26:55]	INFO	[-->12]	0	Success, transmission finish. Close connection.
[2014-09-23 18:26:55]	INFO	upload client[12] closed.
[2014-09-23 18:27:25]	INFO	new upload client[12] connected.

[2014-09-23 18:27:25]	INFO	[-->12]	0	transmission start
[2014-09-23 18:27:25]	INFO	[-->12]	0	Success, transmission finish. Close connection.
[2014-09-23 18:27:25]	INFO	upload client[12] closed.
[2014-09-23 18:27:30]	INFO	new upload client[12] connected.

[2014-09-23 18:27:30]	INFO	[-->12]	0	transmission start
[2014-09-23 18:27:30]	INFO	[-->12]	0	Success, transmission finish. Close connection.
[2014-09-23 18:27:30]	INFO	upload client[12] closed.
[2014-09-23 18:27:32]	INFO	new upload client[12] connected.

[2014-09-23 18:27:32]	INFO	[-->12]	0	transmission start
[2014-09-23 18:27:32]	INFO	[-->12]	0	Success, transmission finish. Close connection.
[2014-09-23 18:27:32]	INFO	upload client[12] closed.
[2014-09-23 18:27:40]	INFO	new upload client[12] connected.

[2014-09-23 18:27:40]	INFO	[-->12]	0	transmission start
[2014-09-23 18:27:40]	INFO	[-->12]	0	Success, transmission finish. Close connection.
[2014-09-23 18:27:40]	INFO	upload client[12] closed.
[2014-09-23 18:28:23]	INFO	new upload client[12] connected.

[2014-09-23 18:28:23]	INFO	[-->12]	0	transmission start
[2014-09-23 18:28:23]	INFO	[-->12]	0	Success, transmission finish. Close connection.
[2014-09-23 18:28:23]	INFO	upload client[12] closed.
[2014-09-23 18:32:42]	INFO	new upload client[12] connected.

[2014-09-23 18:32:42]	INFO	[-->12]	0	transmission start
[2014-09-23 18:32:42]	INFO	[-->12]	0	Success, transmission finish. Close connection.
[2014-09-23 18:32:42]	INFO	upload client[12] closed.
[2014-09-23 18:32:49]	INFO	new upload client[12] connected.

[2014-09-23 18:32:49]	INFO	[-->12]	0	transmission start
[2014-09-23 18:32:49]	INFO	[-->12]	0	Success, transmission finish. Close connection.
[2014-09-23 18:32:49]	INFO	upload client[12] closed.
[2014-09-23 18:34:17]	INFO	new upload client[12] connected.

[2014-09-23 18:34:17]	INFO	[-->12]	0	transmission start
[2014-09-23 18:34:17]	INFO	[-->12]	0	Success, transmission finish. Close connection.
[2014-09-23 18:34:17]	INFO	upload client[12] closed.
[2014-09-23 18:34:40]	INFO	new upload client[12] connected.

[2014-09-23 18:34:40]	INFO	[-->12]	0	transmission start
[2014-09-23 18:34:40]	INFO	[-->12]	0	Success, transmission finish. Close connection.
[2014-09-23 18:34:40]	INFO	upload client[12] closed.
[2014-09-23 18:35:01]	INFO	new upload client[12] connected.

[2014-09-23 18:35:01]	INFO	[-->12]	0	transmission start
[2014-09-23 18:35:01]	INFO	[-->12]	0	Success, transmission finish. Close connection.
[2014-09-23 18:35:01]	INFO	upload client[12] closed.
[2014-09-23 18:35:09]	INFO	new upload client[12] connected.

[2014-09-23 18:35:09]	INFO	[-->12]	0	transmission start
[2014-09-23 18:35:09]	INFO	[-->12]	0	Success, transmission finish. Close connection.
[2014-09-23 18:35:09]	INFO	upload client[12] closed.
[2014-09-23 18:35:52]	INFO	new upload client[12] connected.

[2014-09-23 18:35:52]	INFO	[-->12]	0	transmission start
[2014-09-23 18:35:52]	INFO	[-->12]	0	Success, transmission finish. Close connection.
[2014-09-23 18:35:52]	INFO	upload client[12] closed.
[2014-09-23 18:36:39]	INFO	new upload client[12] connected.

[2014-09-23 18:36:39]	INFO	[-->12]	0	transmission start
[2014-09-23 18:36:39]	INFO	[-->12]	0	Success, transmission finish. Close connection.
[2014-09-23 18:36:39]	INFO	upload client[12] closed.
[2014-09-23 18:36:49]	INFO	new upload client[12] connected.

[2014-09-23 18:36:49]	INFO	[-->12]	0	transmission start
[2014-09-23 18:36:49]	INFO	[-->12]	0	Success, transmission finish. Close connection.
[2014-09-23 18:36:49]	INFO	upload client[12] closed.
[2014-09-23 18:37:55]	INFO	new upload client[12] connected.

[2014-09-23 18:37:55]	INFO	[-->12]	0	transmission start
[2014-09-23 18:37:55]	INFO	[-->12]	0	Success, transmission finish. Close connection.
[2014-09-23 18:37:55]	INFO	upload client[12] closed.
[2014-09-23 18:40:35]	INFO	new upload client[12] connected.

[2014-09-23 18:40:35]	INFO	[-->12]	0	transmission start
[2014-09-23 18:40:35]	INFO	[-->12]	0	Success, transmission finish. Close connection.
[2014-09-23 18:40:35]	INFO	upload client[12] closed.
[2014-09-23 18:40:54]	INFO	new upload client[12] connected.

[2014-09-23 18:40:54]	INFO	[-->12]	0	transmission start
[2014-09-23 18:40:54]	INFO	[-->12]	0	Success, transmission finish. Close connection.
[2014-09-23 18:40:54]	INFO	upload client[12] closed.
[2014-09-23 18:41:55]	INFO	new upload client[12] connected.

[2014-09-23 18:41:55]	INFO	[-->12]	0	transmission start
[2014-09-23 18:41:55]	INFO	[-->12]	0	Success, transmission finish. Close connection.
[2014-09-23 18:41:55]	INFO	upload client[12] closed.
[2014-09-23 18:43:38]	INFO	new upload client[12] connected.

[2014-09-23 18:43:38]	INFO	[-->12]	0	transmission start
[2014-09-23 18:43:38]	INFO	[-->12]	0	Success, transmission finish. Close connection.
[2014-09-23 18:43:38]	INFO	upload client[12] closed.
[2014-09-23 18:44:29]	INFO	new upload client[12] connected.

[2014-09-23 18:44:29]	INFO	[-->12]	0	transmission start
[2014-09-23 18:44:29]	INFO	[-->12]	0	Success, transmission finish. Close connection.
[2014-09-23 18:44:29]	INFO	upload client[12] closed.
[2014-09-23 18:46:05]	INFO	new upload client[12] connected.

[2014-09-23 18:46:05]	INFO	[-->12]	0	transmission start
[2014-09-23 18:46:05]	INFO	[-->12]	0	Success, transmission finish. Close connection.
[2014-09-23 18:46:05]	INFO	upload client[12] closed.
[2014-09-23 18:46:52]	INFO	new upload client[12] connected.

[2014-09-23 18:46:52]	INFO	[-->12]	0	transmission start
[2014-09-23 18:46:52]	INFO	[-->12]	0	Success, transmission finish. Close connection.
[2014-09-23 18:46:52]	INFO	upload client[12] closed.
[2014-09-23 18:47:59]	INFO	new upload client[12] connected.

[2014-09-23 18:47:59]	INFO	[-->12]	0	transmission start
[2014-09-23 18:47:59]	INFO	[-->12]	0	Success, transmission finish. Close connection.
[2014-09-23 18:47:59]	INFO	upload client[12] closed.
[2014-09-23 18:48:55]	INFO	new upload client[12] connected.

[2014-09-23 18:48:55]	INFO	[-->12]	0	transmission start
[2014-09-23 18:48:55]	INFO	[-->12]	0	Success, transmission finish. Close connection.
[2014-09-23 18:48:55]	INFO	upload client[12] closed.
[2014-09-23 18:49:32]	INFO	new upload client[12] connected.

[2014-09-23 18:49:32]	INFO	[-->12]	0	transmission start
[2014-09-23 18:49:32]	INFO	[-->12]	0	Success, transmission finish. Close connection.
[2014-09-23 18:49:32]	INFO	upload client[12] closed.
[2014-09-23 18:50:03]	INFO	new upload client[12] connected.

[2014-09-23 18:50:03]	INFO	[-->12]	0	transmission start
[2014-09-23 18:50:03]	INFO	[-->12]	0	Success, transmission finish. Close connection.
[2014-09-23 18:50:03]	INFO	upload client[12] closed.
[2014-09-23 18:51:16]	INFO	new upload client[12] connected.

[2014-09-23 18:51:16]	INFO	[-->12]	0	transmission start
[2014-09-23 18:51:16]	INFO	[-->12]	0	Success, transmission finish. Close connection.
[2014-09-23 18:51:16]	INFO	upload client[12] closed.
[2014-09-23 18:52:02]	INFO	new upload client[12] connected.

[2014-09-23 18:52:02]	INFO	[-->12]	0	transmission start
[2014-09-23 18:52:02]	INFO	[-->12]	0	Success, transmission finish. Close connection.
[2014-09-23 18:52:02]	INFO	upload client[12] closed.
[2014-09-23 18:52:14]	INFO	new upload client[12] connected.

[2014-09-23 18:52:14]	INFO	[-->12]	0	transmission start
[2014-09-23 18:52:14]	INFO	[-->12]	0	Success, transmission finish. Close connection.
[2014-09-23 18:52:14]	INFO	upload client[12] closed.
[2014-09-23 18:52:22]	INFO	new upload client[12] connected.

[2014-09-23 18:52:22]	INFO	[-->12]	0	transmission start
[2014-09-23 18:52:22]	INFO	[-->12]	0	Success, transmission finish. Close connection.
[2014-09-23 18:52:22]	INFO	upload client[12] closed.
[2014-09-23 18:56:50]	INFO	new upload client[12] connected.

[2014-09-23 18:56:50]	INFO	[-->12]	0	transmission start
[2014-09-23 18:56:50]	INFO	[-->12]	0	Success, transmission finish. Close connection.
[2014-09-23 18:56:50]	INFO	upload client[12] closed.
[2014-09-23 18:57:26]	INFO	new upload client[12] connected.

[2014-09-23 18:57:26]	INFO	[-->12]	0	transmission start
[2014-09-23 18:57:26]	INFO	[-->12]	0	Success, transmission finish. Close connection.
[2014-09-23 18:57:26]	INFO	upload client[12] closed.
[2014-09-23 19:14:38]	INFO	new upload client[12] connected.

[2014-09-23 19:14:38]	INFO	[-->12]	0	transmission start
[2014-09-23 19:14:38]	INFO	[-->12]	0	Success, transmission finish. Close connection.
[2014-09-23 19:14:38]	INFO	upload client[12] closed.
[2014-09-23 19:20:32]	INFO	new upload client[12] connected.

[2014-09-23 19:20:32]	INFO	[-->12]	0	transmission start
[2014-09-23 19:20:32]	INFO	[-->12]	0	Success, transmission finish. Close connection.
[2014-09-23 19:20:32]	INFO	upload client[12] closed.
[2014-09-23 19:21:53]	INFO	new upload client[12] connected.

[2014-09-23 19:21:53]	INFO	[-->12]	0	transmission start
[2014-09-23 19:21:53]	INFO	[-->12]	0	Success, transmission finish. Close connection.
[2014-09-23 19:21:53]	INFO	upload client[12] closed.
[2014-09-23 19:22:49]	INFO	new upload client[12] connected.

[2014-09-23 19:22:49]	INFO	[-->12]	0	transmission start
[2014-09-23 19:22:49]	INFO	[-->12]	0	Success, transmission finish. Close connection.
[2014-09-23 19:22:49]	INFO	upload client[12] closed.
[2014-09-23 19:24:36]	INFO	new upload client[12] connected.

[2014-09-23 19:24:36]	INFO	[-->12]	0	transmission start
[2014-09-23 19:24:36]	INFO	[-->12]	0	Success, transmission finish. Close connection.
[2014-09-23 19:24:36]	INFO	upload client[12] closed.
